<?xml version="1.0" encoding="UTF-8"?>
<testsuite xmlns:xsi="http://www.w3.org/2001/XMLSchema-instance" xsi:noNamespaceSchemaLocation="https://maven.apache.org/surefire/maven-failsafe-plugin/xsd/failsafe-test-report.xsd" name="com.gdn.qa.module.ui.test.CucumberRunner" time="56.952" tests="18" errors="2" skipped="6" failures="2">
  <properties>
    <property name="sun.desktop" value="windows"/>
    <property name="awt.toolkit" value="sun.awt.windows.WToolkit"/>
    <property name="file.encoding.pkg" value="sun.io"/>
    <property name="java.specification.version" value="1.8"/>
    <property name="sun.cpu.isalist" value="amd64"/>
    <property name="sun.jnu.encoding" value="Cp1252"/>
    <property name="java.class.path" value="D:\tommy\tommy\ruangGuru\ruangGuru\target\test-classes;D:\tommy\tommy\ruangGuru\ruangGuru\target\test-rg-1.0.0-SNAPSHOT.jar;C:\Users\tommy.irwanta\.m2\repository\org\springframework\boot\spring-boot-starter-web\1.5.6.RELEASE\spring-boot-starter-web-1.5.6.RELEASE.jar;C:\Users\tommy.irwanta\.m2\repository\org\springframework\boot\spring-boot-starter\1.5.6.RELEASE\spring-boot-starter-1.5.6.RELEASE.jar;C:\Users\tommy.irwanta\.m2\repository\org\springframework\boot\spring-boot-autoconfigure\1.5.6.RELEASE\spring-boot-autoconfigure-1.5.6.RELEASE.jar;C:\Users\tommy.irwanta\.m2\repository\org\springframework\boot\spring-boot-starter-logging\1.5.6.RELEASE\spring-boot-starter-logging-1.5.6.RELEASE.jar;C:\Users\tommy.irwanta\.m2\repository\org\slf4j\jul-to-slf4j\1.7.25\jul-to-slf4j-1.7.25.jar;C:\Users\tommy.irwanta\.m2\repository\org\yaml\snakeyaml\1.17\snakeyaml-1.17.jar;C:\Users\tommy.irwanta\.m2\repository\org\springframework\boot\spring-boot-starter-tomcat\1.5.6.RELEASE\spring-boot-starter-tomcat-1.5.6.RELEASE.jar;C:\Users\tommy.irwanta\.m2\repository\org\apache\tomcat\embed\tomcat-embed-core\8.5.16\tomcat-embed-core-8.5.16.jar;C:\Users\tommy.irwanta\.m2\repository\org\apache\tomcat\embed\tomcat-embed-el\8.5.16\tomcat-embed-el-8.5.16.jar;C:\Users\tommy.irwanta\.m2\repository\org\apache\tomcat\embed\tomcat-embed-websocket\8.5.16\tomcat-embed-websocket-8.5.16.jar;C:\Users\tommy.irwanta\.m2\repository\org\hibernate\hibernate-validator\5.3.5.Final\hibernate-validator-5.3.5.Final.jar;C:\Users\tommy.irwanta\.m2\repository\javax\validation\validation-api\1.1.0.Final\validation-api-1.1.0.Final.jar;C:\Users\tommy.irwanta\.m2\repository\org\jboss\logging\jboss-logging\3.3.1.Final\jboss-logging-3.3.1.Final.jar;C:\Users\tommy.irwanta\.m2\repository\com\fasterxml\classmate\1.3.3\classmate-1.3.3.jar;C:\Users\tommy.irwanta\.m2\repository\com\fasterxml\jackson\core\jackson-databind\2.8.9\jackson-databind-2.8.9.jar;C:\Users\tommy.irwanta\.m2\repository\com\fasterxml\jackson\core\jackson-annotations\2.8.0\jackson-annotations-2.8.0.jar;C:\Users\tommy.irwanta\.m2\repository\com\fasterxml\jackson\core\jackson-core\2.8.9\jackson-core-2.8.9.jar;C:\Users\tommy.irwanta\.m2\repository\org\springframework\spring-web\4.3.10.RELEASE\spring-web-4.3.10.RELEASE.jar;C:\Users\tommy.irwanta\.m2\repository\org\springframework\spring-aop\4.3.10.RELEASE\spring-aop-4.3.10.RELEASE.jar;C:\Users\tommy.irwanta\.m2\repository\org\springframework\spring-beans\4.3.10.RELEASE\spring-beans-4.3.10.RELEASE.jar;C:\Users\tommy.irwanta\.m2\repository\org\springframework\spring-webmvc\4.3.10.RELEASE\spring-webmvc-4.3.10.RELEASE.jar;C:\Users\tommy.irwanta\.m2\repository\org\springframework\spring-expression\4.3.10.RELEASE\spring-expression-4.3.10.RELEASE.jar;C:\Users\tommy.irwanta\.m2\repository\org\springframework\boot\spring-boot-starter-test\1.5.6.RELEASE\spring-boot-starter-test-1.5.6.RELEASE.jar;C:\Users\tommy.irwanta\.m2\repository\org\springframework\boot\spring-boot-test\1.5.6.RELEASE\spring-boot-test-1.5.6.RELEASE.jar;C:\Users\tommy.irwanta\.m2\repository\org\springframework\boot\spring-boot-test-autoconfigure\1.5.6.RELEASE\spring-boot-test-autoconfigure-1.5.6.RELEASE.jar;C:\Users\tommy.irwanta\.m2\repository\com\jayway\jsonpath\json-path\2.2.0\json-path-2.2.0.jar;C:\Users\tommy.irwanta\.m2\repository\net\minidev\json-smart\2.2.1\json-smart-2.2.1.jar;C:\Users\tommy.irwanta\.m2\repository\net\minidev\accessors-smart\1.1\accessors-smart-1.1.jar;C:\Users\tommy.irwanta\.m2\repository\junit\junit\4.12\junit-4.12.jar;C:\Users\tommy.irwanta\.m2\repository\org\assertj\assertj-core\2.6.0\assertj-core-2.6.0.jar;C:\Users\tommy.irwanta\.m2\repository\org\mockito\mockito-core\1.10.19\mockito-core-1.10.19.jar;C:\Users\tommy.irwanta\.m2\repository\org\hamcrest\hamcrest-core\1.3\hamcrest-core-1.3.jar;C:\Users\tommy.irwanta\.m2\repository\org\hamcrest\hamcrest-library\1.3\hamcrest-library-1.3.jar;C:\Users\tommy.irwanta\.m2\repository\org\skyscreamer\jsonassert\1.4.0\jsonassert-1.4.0.jar;C:\Users\tommy.irwanta\.m2\repository\org\springframework\spring-core\4.3.10.RELEASE\spring-core-4.3.10.RELEASE.jar;C:\Users\tommy.irwanta\.m2\repository\org\springframework\spring-test\4.3.10.RELEASE\spring-test-4.3.10.RELEASE.jar;C:\Users\tommy.irwanta\.m2\repository\org\springframework\boot\spring-boot-starter-mustache\1.5.6.RELEASE\spring-boot-starter-mustache-1.5.6.RELEASE.jar;C:\Users\tommy.irwanta\.m2\repository\com\samskivert\jmustache\1.13\jmustache-1.13.jar;C:\Users\tommy.irwanta\.m2\repository\org\springframework\boot\spring-boot-configuration-processor\1.5.6.RELEASE\spring-boot-configuration-processor-1.5.6.RELEASE.jar;C:\Users\tommy.irwanta\.m2\repository\com\vaadin\external\google\android-json\0.0.20131108.vaadin1\android-json-0.0.20131108.vaadin1.jar;C:\Users\tommy.irwanta\.m2\repository\com\gdn\x\member\member-rest-web-model\1.19.0-3\member-rest-web-model-1.19.0-3.jar;C:\Users\tommy.irwanta\.m2\repository\com\gdn\gdn-common-client-sdk\2.5.0-1\gdn-common-client-sdk-2.5.0-1.jar;C:\Users\tommy.irwanta\.m2\repository\commons-beanutils\commons-beanutils\1.9.3\commons-beanutils-1.9.3.jar;C:\Users\tommy.irwanta\.m2\repository\com\fasterxml\jackson\dataformat\jackson-dataformat-xml\2.8.9\jackson-dataformat-xml-2.8.9.jar;C:\Users\tommy.irwanta\.m2\repository\com\fasterxml\jackson\module\jackson-module-jaxb-annotations\2.8.9\jackson-module-jaxb-annotations-2.8.9.jar;C:\Users\tommy.irwanta\.m2\repository\org\codehaus\woodstox\stax2-api\3.1.4\stax2-api-3.1.4.jar;C:\Users\tommy.irwanta\.m2\repository\com\fasterxml\woodstox\woodstox-core\5.0.3\woodstox-core-5.0.3.jar;C:\Users\tommy.irwanta\.m2\repository\com\gdn\x\member\member-base-model\1.19.0-3\member-base-model-1.19.0-3.jar;C:\Users\tommy.irwanta\.m2\repository\net\karneim\pojobuilder\3.6.0\pojobuilder-3.6.0.jar;C:\Users\tommy.irwanta\.m2\repository\com\squareup\javawriter\2.5.0\javawriter-2.5.0.jar;C:\Users\tommy.irwanta\.m2\repository\org\apache\commons\commons-lang3\3.3.2\commons-lang3-3.3.2.jar;C:\Users\tommy.irwanta\.m2\repository\joda-time\joda-time\2.9.9\joda-time-2.9.9.jar;C:\Users\tommy.irwanta\.m2\repository\org\slf4j\jcl-over-slf4j\1.7.25\jcl-over-slf4j-1.7.25.jar;C:\Users\tommy.irwanta\.m2\repository\org\slf4j\slf4j-api\1.7.25\slf4j-api-1.7.25.jar;C:\Users\tommy.irwanta\.m2\repository\ch\qos\logback\logback-core\1.1.11\logback-core-1.1.11.jar;C:\Users\tommy.irwanta\.m2\repository\ch\qos\logback\logback-classic\1.1.11\logback-classic-1.1.11.jar;C:\Users\tommy.irwanta\.m2\repository\com\gdn\x\cart\cart-rest-web-model\2.46.0-15\cart-rest-web-model-2.46.0-15.jar;C:\Users\tommy.irwanta\.m2\repository\com\gdn\x\cart\cart-master-model\2.46.0-15\cart-master-model-2.46.0-15.jar;C:\Users\tommy.irwanta\.m2\repository\com\gdn\gdn-common-helper\4.4.0-1\gdn-common-helper-4.4.0-1.jar;C:\Users\tommy.irwanta\.m2\repository\org\slf4j\log4j-over-slf4j\1.7.25\log4j-over-slf4j-1.7.25.jar;C:\Users\tommy.irwanta\.m2\repository\net\sf\dozer\dozer\5.4.0\dozer-5.4.0.jar;C:\Users\tommy.irwanta\.m2\repository\com\googlecode\lambdaj\lambdaj\2.3.3\lambdaj-2.3.3.jar;C:\Users\tommy.irwanta\.m2\repository\org\hamcrest\hamcrest-all\1.1\hamcrest-all-1.1.jar;C:\Users\tommy.irwanta\.m2\repository\org\objenesis\objenesis\1.2\objenesis-1.2.jar;C:\Users\tommy.irwanta\.m2\repository\cglib\cglib-nodep\2.2\cglib-nodep-2.2.jar;C:\Users\tommy.irwanta\.m2\repository\com\gdn\qa\automation\core\badak-core\1.9.8\badak-core-1.9.8.jar;C:\Users\tommy.irwanta\.m2\repository\org\jsoup\jsoup\1.11.3\jsoup-1.11.3.jar;C:\Users\tommy.irwanta\.m2\repository\io\github\bonigarcia\webdrivermanager\4.2.2\webdrivermanager-4.2.2.jar;C:\Users\tommy.irwanta\.m2\repository\commons-io\commons-io\2.8.0\commons-io-2.8.0.jar;C:\Users\tommy.irwanta\.m2\repository\org\apache\httpcomponents\client5\httpclient5\5.0.1\httpclient5-5.0.1.jar;C:\Users\tommy.irwanta\.m2\repository\org\apache\httpcomponents\core5\httpcore5\5.0.1\httpcore5-5.0.1.jar;C:\Users\tommy.irwanta\.m2\repository\org\apache\httpcomponents\core5\httpcore5-h2\5.0.1\httpcore5-h2-5.0.1.jar;C:\Users\tommy.irwanta\.m2\repository\org\rauschig\jarchivelib\1.1.0\jarchivelib-1.1.0.jar;C:\Users\tommy.irwanta\.m2\repository\org\apache\commons\commons-compress\1.20\commons-compress-1.20.jar;C:\Users\tommy.irwanta\.m2\repository\com\squareup\okhttp\okhttp\2.3.0\okhttp-2.3.0.jar;C:\Users\tommy.irwanta\.m2\repository\com\browserup\browserup-proxy-core\2.1.2\browserup-proxy-core-2.1.2.jar;C:\Users\tommy.irwanta\.m2\repository\io\netty\netty-codec\4.1.50.Final\netty-codec-4.1.50.Final.jar;C:\Users\tommy.irwanta\.m2\repository\io\netty\netty-common\4.1.50.Final\netty-common-4.1.50.Final.jar;C:\Users\tommy.irwanta\.m2\repository\io\netty\netty-buffer\4.1.50.Final\netty-buffer-4.1.50.Final.jar;C:\Users\tommy.irwanta\.m2\repository\io\netty\netty-transport\4.1.50.Final\netty-transport-4.1.50.Final.jar;C:\Users\tommy.irwanta\.m2\repository\io\netty\netty-resolver\4.1.50.Final\netty-resolver-4.1.50.Final.jar;C:\Users\tommy.irwanta\.m2\repository\xyz\rogfam\littleproxy\2.0.0-beta-5\littleproxy-2.0.0-beta-5.jar;C:\Users\tommy.irwanta\.m2\repository\com\barchart\udt\barchart-udt-bundle\2.3.0\barchart-udt-bundle-2.3.0.jar;C:\Users\tommy.irwanta\.m2\repository\com\browserup\browserup-proxy-mitm\2.1.2\browserup-proxy-mitm-2.1.2.jar;C:\Users\tommy.irwanta\.m2\repository\javax\xml\bind\jaxb-api\2.3.1\jaxb-api-2.3.1.jar;C:\Users\tommy.irwanta\.m2\repository\javax\activation\javax.activation-api\1.2.0\javax.activation-api-1.2.0.jar;C:\Users\tommy.irwanta\.m2\repository\com\jcraft\jzlib\1.1.3\jzlib-1.1.3.jar;C:\Users\tommy.irwanta\.m2\repository\dnsjava\dnsjava\3.1.0\dnsjava-3.1.0.jar;C:\Users\tommy.irwanta\.m2\repository\io\netty\netty-all\4.1.50.Final\netty-all-4.1.50.Final.jar;C:\Users\tommy.irwanta\.m2\repository\org\bouncycastle\bcpkix-jdk15on\1.64\bcpkix-jdk15on-1.64.jar;C:\Users\tommy.irwanta\.m2\repository\org\bouncycastle\bcprov-jdk15on\1.64\bcprov-jdk15on-1.64.jar;C:\Users\tommy.irwanta\.m2\repository\org\brotli\dec\0.1.2\dec-0.1.2.jar;C:\Users\tommy.irwanta\.m2\repository\org\javassist\javassist\3.21.0-GA\javassist-3.21.0-GA.jar;C:\Users\tommy.irwanta\.m2\repository\org\seleniumhq\selenium\selenium-api\3.14.0\selenium-api-3.14.0.jar;C:\Users\tommy.irwanta\.m2\repository\com\squareup\okio\okio\2.1.0\okio-2.1.0.jar;C:\Users\tommy.irwanta\.m2\repository\org\jetbrains\kotlin\kotlin-stdlib\1.2.60\kotlin-stdlib-1.2.60.jar;C:\Users\tommy.irwanta\.m2\repository\org\jetbrains\kotlin\kotlin-stdlib-common\1.2.60\kotlin-stdlib-common-1.2.60.jar;C:\Users\tommy.irwanta\.m2\repository\org\jetbrains\annotations\13.0\annotations-13.0.jar;C:\Users\tommy.irwanta\.m2\repository\com\google\guava\guava\27.0-jre\guava-27.0-jre.jar;C:\Users\tommy.irwanta\.m2\repository\com\google\guava\failureaccess\1.0\failureaccess-1.0.jar;C:\Users\tommy.irwanta\.m2\repository\com\google\guava\listenablefuture\9999.0-empty-to-avoid-conflict-with-guava\listenablefuture-9999.0-empty-to-avoid-conflict-with-guava.jar;C:\Users\tommy.irwanta\.m2\repository\com\google\code\findbugs\jsr305\3.0.2\jsr305-3.0.2.jar;C:\Users\tommy.irwanta\.m2\repository\org\checkerframework\checker-qual\2.5.2\checker-qual-2.5.2.jar;C:\Users\tommy.irwanta\.m2\repository\com\google\errorprone\error_prone_annotations\2.2.0\error_prone_annotations-2.2.0.jar;C:\Users\tommy.irwanta\.m2\repository\com\google\j2objc\j2objc-annotations\1.1\j2objc-annotations-1.1.jar;C:\Users\tommy.irwanta\.m2\repository\org\codehaus\mojo\animal-sniffer-annotations\1.17\animal-sniffer-annotations-1.17.jar;C:\Users\tommy.irwanta\.m2\repository\io\rest-assured\json-schema-validator\3.2.0\json-schema-validator-3.2.0.jar;C:\Users\tommy.irwanta\.m2\repository\com\github\fge\json-schema-validator\2.2.6\json-schema-validator-2.2.6.jar;C:\Users\tommy.irwanta\.m2\repository\com\googlecode\libphonenumber\libphonenumber\6.2\libphonenumber-6.2.jar;C:\Users\tommy.irwanta\.m2\repository\com\github\fge\json-schema-core\1.2.5\json-schema-core-1.2.5.jar;C:\Users\tommy.irwanta\.m2\repository\com\github\fge\uri-template\0.9\uri-template-0.9.jar;C:\Users\tommy.irwanta\.m2\repository\com\github\fge\msg-simple\1.1\msg-simple-1.1.jar;C:\Users\tommy.irwanta\.m2\repository\com\github\fge\btf\1.2\btf-1.2.jar;C:\Users\tommy.irwanta\.m2\repository\com\github\fge\jackson-coreutils\1.8\jackson-coreutils-1.8.jar;C:\Users\tommy.irwanta\.m2\repository\org\mozilla\rhino\1.7R4\rhino-1.7R4.jar;C:\Users\tommy.irwanta\.m2\repository\javax\mail\mailapi\1.4.3\mailapi-1.4.3.jar;C:\Users\tommy.irwanta\.m2\repository\net\sf\jopt-simple\jopt-simple\4.6\jopt-simple-4.6.jar;C:\Users\tommy.irwanta\.m2\repository\com\google\code\gson\gson\2.8.1\gson-2.8.1.jar;C:\Users\tommy.irwanta\.m2\repository\net\serenity-bdd\serenity-core\1.9.45\serenity-core-1.9.45.jar;C:\Users\tommy.irwanta\.m2\repository\net\serenity-bdd\serenity-report-resources\1.9.45\serenity-report-resources-1.9.45.jar;C:\Users\tommy.irwanta\.m2\repository\net\serenity-bdd\serenity-model\1.9.45\serenity-model-1.9.45.jar;C:\Users\tommy.irwanta\.m2\repository\commons-net\commons-net\3.6\commons-net-3.6.jar;C:\Users\tommy.irwanta\.m2\repository\net\serenity-bdd\serenity-reports\1.9.45\serenity-reports-1.9.45.jar;C:\Users\tommy.irwanta\.m2\repository\org\seleniumhq\selenium\selenium-server\3.14.0\selenium-server-3.14.0.jar;C:\Users\tommy.irwanta\.m2\repository\org\seleniumhq\selenium\selenium-firefox-driver\3.14.0\selenium-firefox-driver-3.14.0.jar;C:\Users\tommy.irwanta\.m2\repository\org\seleniumhq\selenium\selenium-ie-driver\3.14.0\selenium-ie-driver-3.14.0.jar;C:\Users\tommy.irwanta\.m2\repository\com\beust\jcommander\1.72\jcommander-1.72.jar;C:\Users\tommy.irwanta\.m2\repository\org\apache\commons\commons-exec\1.3\commons-exec-1.3.jar;C:\Users\tommy.irwanta\.m2\repository\org\apache\commons\commons-text\1.1\commons-text-1.1.jar;C:\Users\tommy.irwanta\.m2\repository\org\apache\httpcomponents\httpcore\4.4.6\httpcore-4.4.6.jar;C:\Users\tommy.irwanta\.m2\repository\net\jcip\jcip-annotations\1.0\jcip-annotations-1.0.jar;C:\Users\tommy.irwanta\.m2\repository\org\seleniumhq\selenium\jetty-repacked\9.4.8.v20180619\jetty-repacked-9.4.8.v20180619.jar;C:\Users\tommy.irwanta\.m2\repository\org\eclipse\jetty\jetty-client\9.4.6.v20170531\jetty-client-9.4.6.v20170531.jar;C:\Users\tommy.irwanta\.m2\repository\org\eclipse\jetty\jetty-http\9.4.6.v20170531\jetty-http-9.4.6.v20170531.jar;C:\Users\tommy.irwanta\.m2\repository\org\eclipse\jetty\jetty-xml\9.4.6.v20170531\jetty-xml-9.4.6.v20170531.jar;C:\Users\tommy.irwanta\.m2\repository\com\squareup\okhttp3\okhttp\3.10.0\okhttp-3.10.0.jar;C:\Users\tommy.irwanta\.m2\repository\javax\servlet\javax.servlet-api\3.1.0\javax.servlet-api-3.1.0.jar;C:\Users\tommy.irwanta\.m2\repository\org\eclipse\jetty\websocket\websocket-api\9.4.8.v20180619\websocket-api-9.4.8.v20180619.jar;C:\Users\tommy.irwanta\.m2\repository\org\eclipse\jetty\websocket\websocket-client\9.4.6.v20170531\websocket-client-9.4.6.v20170531.jar;C:\Users\tommy.irwanta\.m2\repository\org\eclipse\jetty\websocket\websocket-common\9.4.8.v20180619\websocket-common-9.4.8.v20180619.jar;C:\Users\tommy.irwanta\.m2\repository\xerces\xercesImpl\2.11.0\xercesImpl-2.11.0.jar;C:\Users\tommy.irwanta\.m2\repository\org\seleniumhq\selenium\selenium-java\3.14.0\selenium-java-3.14.0.jar;C:\Users\tommy.irwanta\.m2\repository\org\seleniumhq\selenium\selenium-chrome-driver\3.14.0\selenium-chrome-driver-3.14.0.jar;C:\Users\tommy.irwanta\.m2\repository\org\seleniumhq\selenium\selenium-edge-driver\3.14.0\selenium-edge-driver-3.14.0.jar;C:\Users\tommy.irwanta\.m2\repository\org\seleniumhq\selenium\selenium-remote-driver\3.14.0\selenium-remote-driver-3.14.0.jar;C:\Users\tommy.irwanta\.m2\repository\org\seleniumhq\selenium\selenium-safari-driver\3.14.0\selenium-safari-driver-3.14.0.jar;C:\Users\tommy.irwanta\.m2\repository\org\seleniumhq\selenium\selenium-opera-driver\3.14.0\selenium-opera-driver-3.14.0.jar;C:\Users\tommy.irwanta\.m2\repository\org\seleniumhq\selenium\selenium-support\3.14.0\selenium-support-3.14.0.jar;C:\Users\tommy.irwanta\.m2\repository\com\paulhammant\ngwebdriver\1.1.4\ngwebdriver-1.1.4.jar;C:\Users\tommy.irwanta\.m2\repository\com\codeborne\phantomjsdriver\1.4.4\phantomjsdriver-1.4.4.jar;C:\Users\tommy.irwanta\.m2\repository\org\eclipse\jetty\jetty-util\9.4.6.v20170531\jetty-util-9.4.6.v20170531.jar;C:\Users\tommy.irwanta\.m2\repository\org\eclipse\jetty\jetty-io\9.4.6.v20170531\jetty-io-9.4.6.v20170531.jar;C:\Users\tommy.irwanta\.m2\repository\org\seleniumhq\selenium\htmlunit-driver\2.21\htmlunit-driver-2.21.jar;C:\Users\tommy.irwanta\.m2\repository\io\appium\java-client\6.1.0\java-client-6.1.0.jar;C:\Users\tommy.irwanta\.m2\repository\commons-validator\commons-validator\1.6\commons-validator-1.6.jar;C:\Users\tommy.irwanta\.m2\repository\commons-digester\commons-digester\2.1\commons-digester-2.1.jar;C:\Users\tommy.irwanta\.m2\repository\org\aspectj\aspectjweaver\1.8.10\aspectjweaver-1.8.10.jar;C:\Users\tommy.irwanta\.m2\repository\org\openpnp\opencv\3.2.0-1\opencv-3.2.0-1.jar;C:\Users\tommy.irwanta\.m2\repository\org\glassfish\tyrus\tyrus-core\1.13.1\tyrus-core-1.13.1.jar;C:\Users\tommy.irwanta\.m2\repository\org\glassfish\tyrus\tyrus-spi\1.13.1\tyrus-spi-1.13.1.jar;C:\Users\tommy.irwanta\.m2\repository\javax\websocket\javax.websocket-api\1.1\javax.websocket-api-1.1.jar;C:\Users\tommy.irwanta\.m2\repository\org\codehaus\groovy\groovy\2.4.12\groovy-2.4.12.jar;C:\Users\tommy.irwanta\.m2\repository\net\sf\opencsv\opencsv\2.0\opencsv-2.0.jar;C:\Users\tommy.irwanta\.m2\repository\commons-beanutils\commons-beanutils-core\1.8.3\commons-beanutils-core-1.8.3.jar;C:\Users\tommy.irwanta\.m2\repository\com\thoughtworks\xstream\xstream\1.4.9\xstream-1.4.9.jar;C:\Users\tommy.irwanta\.m2\repository\xmlpull\xmlpull\1.1.3.1\xmlpull-1.1.3.1.jar;C:\Users\tommy.irwanta\.m2\repository\xpp3\xpp3_min\1.1.4c\xpp3_min-1.1.4c.jar;C:\Users\tommy.irwanta\.m2\repository\commons-collections\commons-collections\3.2.2\commons-collections-3.2.2.jar;C:\Users\tommy.irwanta\.m2\repository\org\freemarker\freemarker\2.3.26-incubating\freemarker-2.3.26-incubating.jar;C:\Users\tommy.irwanta\.m2\repository\net\sourceforge\jexcelapi\jxl\2.6.12\jxl-2.6.12.jar;C:\Users\tommy.irwanta\.m2\repository\net\sourceforge\htmlunit\htmlunit\2.21\htmlunit-2.21.jar;C:\Users\tommy.irwanta\.m2\repository\net\sourceforge\htmlunit\htmlunit-core-js\2.17\htmlunit-core-js-2.17.jar;C:\Users\tommy.irwanta\.m2\repository\net\sourceforge\htmlunit\neko-htmlunit\2.21\neko-htmlunit-2.21.jar;C:\Users\tommy.irwanta\.m2\repository\net\sourceforge\cssparser\cssparser\0.9.18\cssparser-0.9.18.jar;C:\Users\tommy.irwanta\.m2\repository\org\w3c\css\sac\1.3\sac-1.3.jar;C:\Users\tommy.irwanta\.m2\repository\org\apache\httpcomponents\httpclient\4.5.3\httpclient-4.5.3.jar;C:\Users\tommy.irwanta\.m2\repository\org\apache\httpcomponents\httpmime\4.5.3\httpmime-4.5.3.jar;C:\Users\tommy.irwanta\.m2\repository\org\fluentlenium\fluentlenium-core\0.10.2\fluentlenium-core-0.10.2.jar;C:\Users\tommy.irwanta\.m2\repository\com\jhlabs\filters\2.0.235\filters-2.0.235.jar;C:\Users\tommy.irwanta\.m2\repository\org\asciidoctor\asciidoctorj\1.5.6\asciidoctorj-1.5.6.jar;C:\Users\tommy.irwanta\.m2\repository\org\jruby\jruby-complete\1.7.26\jruby-complete-1.7.26.jar;C:\Users\tommy.irwanta\.m2\repository\org\imgscalr\imgscalr-lib\4.2\imgscalr-lib-4.2.jar;C:\Users\tommy.irwanta\.m2\repository\javax\el\javax.el-api\2.2.4\javax.el-api-2.2.4.jar;C:\Users\tommy.irwanta\.m2\repository\org\glassfish\web\javax.el\2.2.4\javax.el-2.2.4.jar;C:\Users\tommy.irwanta\.m2\repository\xalan\xalan\2.7.2\xalan-2.7.2.jar;C:\Users\tommy.irwanta\.m2\repository\xalan\serializer\2.7.2\serializer-2.7.2.jar;C:\Users\tommy.irwanta\.m2\repository\org\awaitility\awaitility\3.1.0\awaitility-3.1.0.jar;C:\Users\tommy.irwanta\.m2\repository\com\typesafe\config\1.3.1\config-1.3.1.jar;C:\Users\tommy.irwanta\.m2\repository\com\google\jimfs\jimfs\1.1\jimfs-1.1.jar;C:\Users\tommy.irwanta\.m2\repository\es\nitaur\markdown\txtmark\0.16\txtmark-0.16.jar;C:\Users\tommy.irwanta\.m2\repository\com\vladsch\flexmark\flexmark-all\0.26.4\flexmark-all-0.26.4.jar;C:\Users\tommy.irwanta\.m2\repository\com\vladsch\flexmark\flexmark\0.26.4\flexmark-0.26.4.jar;C:\Users\tommy.irwanta\.m2\repository\com\vladsch\flexmark\flexmark-ext-abbreviation\0.26.4\flexmark-ext-abbreviation-0.26.4.jar;C:\Users\tommy.irwanta\.m2\repository\com\vladsch\flexmark\flexmark-ext-anchorlink\0.26.4\flexmark-ext-anchorlink-0.26.4.jar;C:\Users\tommy.irwanta\.m2\repository\com\vladsch\flexmark\flexmark-ext-aside\0.26.4\flexmark-ext-aside-0.26.4.jar;C:\Users\tommy.irwanta\.m2\repository\com\vladsch\flexmark\flexmark-ext-autolink\0.26.4\flexmark-ext-autolink-0.26.4.jar;C:\Users\tommy.irwanta\.m2\repository\org\nibor\autolink\autolink\0.6.0\autolink-0.6.0.jar;C:\Users\tommy.irwanta\.m2\repository\com\vladsch\flexmark\flexmark-ext-definition\0.26.4\flexmark-ext-definition-0.26.4.jar;C:\Users\tommy.irwanta\.m2\repository\com\vladsch\flexmark\flexmark-ext-emoji\0.26.4\flexmark-ext-emoji-0.26.4.jar;C:\Users\tommy.irwanta\.m2\repository\com\vladsch\flexmark\flexmark-ext-escaped-character\0.26.4\flexmark-ext-escaped-character-0.26.4.jar;C:\Users\tommy.irwanta\.m2\repository\com\vladsch\flexmark\flexmark-ext-footnotes\0.26.4\flexmark-ext-footnotes-0.26.4.jar;C:\Users\tommy.irwanta\.m2\repository\com\vladsch\flexmark\flexmark-ext-gfm-issues\0.26.4\flexmark-ext-gfm-issues-0.26.4.jar;C:\Users\tommy.irwanta\.m2\repository\com\vladsch\flexmark\flexmark-ext-gfm-strikethrough\0.26.4\flexmark-ext-gfm-strikethrough-0.26.4.jar;C:\Users\tommy.irwanta\.m2\repository\com\vladsch\flexmark\flexmark-ext-gfm-tables\0.26.4\flexmark-ext-gfm-tables-0.26.4.jar;C:\Users\tommy.irwanta\.m2\repository\com\vladsch\flexmark\flexmark-ext-gfm-tasklist\0.26.4\flexmark-ext-gfm-tasklist-0.26.4.jar;C:\Users\tommy.irwanta\.m2\repository\com\vladsch\flexmark\flexmark-ext-gfm-users\0.26.4\flexmark-ext-gfm-users-0.26.4.jar;C:\Users\tommy.irwanta\.m2\repository\com\vladsch\flexmark\flexmark-ext-jekyll-front-matter\0.26.4\flexmark-ext-jekyll-front-matter-0.26.4.jar;C:\Users\tommy.irwanta\.m2\repository\com\vladsch\flexmark\flexmark-ext-jekyll-tag\0.26.4\flexmark-ext-jekyll-tag-0.26.4.jar;C:\Users\tommy.irwanta\.m2\repository\com\vladsch\flexmark\flexmark-ext-ins\0.26.4\flexmark-ext-ins-0.26.4.jar;C:\Users\tommy.irwanta\.m2\repository\com\vladsch\flexmark\flexmark-ext-xwiki-macros\0.26.4\flexmark-ext-xwiki-macros-0.26.4.jar;C:\Users\tommy.irwanta\.m2\repository\com\vladsch\flexmark\flexmark-ext-superscript\0.26.4\flexmark-ext-superscript-0.26.4.jar;C:\Users\tommy.irwanta\.m2\repository\com\vladsch\flexmark\flexmark-ext-tables\0.26.4\flexmark-ext-tables-0.26.4.jar;C:\Users\tommy.irwanta\.m2\repository\com\vladsch\flexmark\flexmark-ext-toc\0.26.4\flexmark-ext-toc-0.26.4.jar;C:\Users\tommy.irwanta\.m2\repository\com\vladsch\flexmark\flexmark-ext-typographic\0.26.4\flexmark-ext-typographic-0.26.4.jar;C:\Users\tommy.irwanta\.m2\repository\com\vladsch\flexmark\flexmark-ext-wikilink\0.26.4\flexmark-ext-wikilink-0.26.4.jar;C:\Users\tommy.irwanta\.m2\repository\com\vladsch\flexmark\flexmark-ext-yaml-front-matter\0.26.4\flexmark-ext-yaml-front-matter-0.26.4.jar;C:\Users\tommy.irwanta\.m2\repository\com\vladsch\flexmark\flexmark-formatter\0.26.4\flexmark-formatter-0.26.4.jar;C:\Users\tommy.irwanta\.m2\repository\com\vladsch\flexmark\flexmark-html-parser\0.26.4\flexmark-html-parser-0.26.4.jar;C:\Users\tommy.irwanta\.m2\repository\com\vladsch\flexmark\flexmark-jira-converter\0.26.4\flexmark-jira-converter-0.26.4.jar;C:\Users\tommy.irwanta\.m2\repository\com\vladsch\flexmark\flexmark-pdf-converter\0.26.4\flexmark-pdf-converter-0.26.4.jar;C:\Users\tommy.irwanta\.m2\repository\com\openhtmltopdf\openhtmltopdf-core\0.0.1-RC9\openhtmltopdf-core-0.0.1-RC9.jar;C:\Users\tommy.irwanta\.m2\repository\com\openhtmltopdf\openhtmltopdf-pdfbox\0.0.1-RC9\openhtmltopdf-pdfbox-0.0.1-RC9.jar;C:\Users\tommy.irwanta\.m2\repository\org\apache\pdfbox\pdfbox\2.0.4\pdfbox-2.0.4.jar;C:\Users\tommy.irwanta\.m2\repository\org\apache\pdfbox\fontbox\2.0.4\fontbox-2.0.4.jar;C:\Users\tommy.irwanta\.m2\repository\com\openhtmltopdf\openhtmltopdf-rtl-support\0.0.1-RC9\openhtmltopdf-rtl-support-0.0.1-RC9.jar;C:\Users\tommy.irwanta\.m2\repository\com\ibm\icu\icu4j\58.1\icu4j-58.1.jar;C:\Users\tommy.irwanta\.m2\repository\com\openhtmltopdf\openhtmltopdf-jsoup-dom-converter\0.0.1-RC9\openhtmltopdf-jsoup-dom-converter-0.0.1-RC9.jar;C:\Users\tommy.irwanta\.m2\repository\com\vladsch\flexmark\flexmark-profile-pegdown\0.26.4\flexmark-profile-pegdown-0.26.4.jar;C:\Users\tommy.irwanta\.m2\repository\com\vladsch\flexmark\flexmark-util\0.26.4\flexmark-util-0.26.4.jar;C:\Users\tommy.irwanta\.m2\repository\com\vladsch\flexmark\flexmark-youtrack-converter\0.26.4\flexmark-youtrack-converter-0.26.4.jar;C:\Users\tommy.irwanta\.m2\repository\net\serenity-bdd\serenity-cucumber\1.9.38\serenity-cucumber-1.9.38.jar;C:\Users\tommy.irwanta\.m2\repository\net\serenity-bdd\serenity-screenplay\2.0.49\serenity-screenplay-2.0.49.jar;C:\Users\tommy.irwanta\.m2\repository\net\bytebuddy\byte-buddy-agent\1.9.12\byte-buddy-agent-1.9.12.jar;C:\Users\tommy.irwanta\.m2\repository\com\sun\xml\bind\jaxb-core\2.3.0.1\jaxb-core-2.3.0.1.jar;C:\Users\tommy.irwanta\.m2\repository\com\sun\xml\bind\jaxb-impl\2.3.0.1\jaxb-impl-2.3.0.1.jar;C:\Users\tommy.irwanta\.m2\repository\javax\activation\activation\1.1.1\activation-1.1.1.jar;C:\Users\tommy.irwanta\.m2\repository\uk\com\robust-it\cloning\1.9.10\cloning-1.9.10.jar;C:\Users\tommy.irwanta\.m2\repository\net\serenity-bdd\serenity-screenplay-webdriver\2.0.49\serenity-screenplay-webdriver-2.0.49.jar;C:\Users\tommy.irwanta\.m2\repository\io\cucumber\cucumber-java\2.4.0\cucumber-java-2.4.0.jar;C:\Users\tommy.irwanta\.m2\repository\io\cucumber\cucumber-junit\2.4.0\cucumber-junit-2.4.0.jar;C:\Users\tommy.irwanta\.m2\repository\org\apache\commons\commons-csv\1.5\commons-csv-1.5.jar;C:\Users\tommy.irwanta\.m2\repository\org\springframework\boot\spring-boot\1.5.6.RELEASE\spring-boot-1.5.6.RELEASE.jar;C:\Users\tommy.irwanta\.m2\repository\net\serenity-bdd\serenity-rest-assured\1.9.45\serenity-rest-assured-1.9.45.jar;C:\Users\tommy.irwanta\.m2\repository\io\rest-assured\rest-assured\3.0.5\rest-assured-3.0.5.jar;C:\Users\tommy.irwanta\.m2\repository\org\ccil\cowan\tagsoup\tagsoup\1.2.1\tagsoup-1.2.1.jar;C:\Users\tommy.irwanta\.m2\repository\io\rest-assured\json-path\3.0.5\json-path-3.0.5.jar;C:\Users\tommy.irwanta\.m2\repository\io\rest-assured\rest-assured-common\3.0.5\rest-assured-common-3.0.5.jar;C:\Users\tommy.irwanta\.m2\repository\io\rest-assured\xml-path\3.0.5\xml-path-3.0.5.jar;C:\Users\tommy.irwanta\.m2\repository\org\codehaus\groovy\groovy-xml\2.4.12\groovy-xml-2.4.12.jar;C:\Users\tommy.irwanta\.m2\repository\org\codehaus\groovy\groovy-json\2.4.12\groovy-json-2.4.12.jar;C:\Users\tommy.irwanta\.m2\repository\org\apache\maven\maven-project\3.0-alpha-2\maven-project-3.0-alpha-2.jar;C:\Users\tommy.irwanta\.m2\repository\org\apache\maven\maven-model\3.0-alpha-2\maven-model-3.0-alpha-2.jar;C:\Users\tommy.irwanta\.m2\repository\org\codehaus\plexus\plexus-utils\1.5.6\plexus-utils-1.5.6.jar;C:\Users\tommy.irwanta\.m2\repository\org\codehaus\plexus\plexus-interpolation\1.1\plexus-interpolation-1.1.jar;C:\Users\tommy.irwanta\.m2\repository\org\apache\maven\maven-compat\3.0-alpha-2\maven-compat-3.0-alpha-2.jar;C:\Users\tommy.irwanta\.m2\repository\org\codehaus\plexus\plexus-component-annotations\1.0-beta-3.0.5\plexus-component-annotations-1.0-beta-3.0.5.jar;C:\Users\tommy.irwanta\.m2\repository\org\apache\maven\wagon\wagon-provider-api\1.0-beta-4\wagon-provider-api-1.0-beta-4.jar;C:\Users\tommy.irwanta\.m2\repository\org\codehaus\plexus\plexus-container-default\1.0-beta-3.0.5\plexus-container-default-1.0-beta-3.0.5.jar;C:\Users\tommy.irwanta\.m2\repository\org\codehaus\plexus\plexus-classworlds\1.4\plexus-classworlds-1.4.jar;C:\Users\tommy.irwanta\.m2\repository\org\apache\xbean\xbean-reflect\3.4\xbean-reflect-3.4.jar;C:\Users\tommy.irwanta\.m2\repository\log4j\log4j\1.2.12\log4j-1.2.12.jar;C:\Users\tommy.irwanta\.m2\repository\commons-logging\commons-logging-api\1.1\commons-logging-api-1.1.jar;C:\Users\tommy.irwanta\.m2\repository\com\google\code\google-collections\google-collect\snapshot-20080530\google-collect-snapshot-20080530.jar;C:\Users\tommy.irwanta\.m2\repository\org\codehaus\woodstox\wstx-asl\3.2.6\wstx-asl-3.2.6.jar;C:\Users\tommy.irwanta\.m2\repository\stax\stax-api\1.0.1\stax-api-1.0.1.jar;C:\Users\tommy.irwanta\.m2\repository\org\sonatype\spice\model-builder\1.3\model-builder-1.3.jar;C:\Users\tommy.irwanta\.m2\repository\org\apache\maven\maven-project-builder\3.0-alpha-2\maven-project-builder-3.0-alpha-2.jar;C:\Users\tommy.irwanta\.m2\repository\com\github\yunusmete\stf\openstf-java-client\1.0\openstf-java-client-1.0.jar;C:\Users\tommy.irwanta\.m2\repository\com\squareup\retrofit\retrofit\1.9.0\retrofit-1.9.0.jar;C:\Users\tommy.irwanta\.m2\repository\org\json\json\20140107\json-20140107.jar;C:\Users\tommy.irwanta\.m2\repository\com\gdn\qa\automation\core\badak-core\1.9.8\badak-core-1.9.8-tests.jar;C:\Users\tommy.irwanta\.m2\repository\org\projectlombok\lombok\1.16.18\lombok-1.16.18.jar;C:\Users\tommy.irwanta\.m2\repository\net\serenity-bdd\serenity-spring\1.9.45\serenity-spring-1.9.45.jar;C:\Users\tommy.irwanta\.m2\repository\com\google\inject\guice\4.2.0\guice-4.2.0.jar;C:\Users\tommy.irwanta\.m2\repository\javax\inject\javax.inject\1\javax.inject-1.jar;C:\Users\tommy.irwanta\.m2\repository\aopalliance\aopalliance\1.0\aopalliance-1.0.jar;C:\Users\tommy.irwanta\.m2\repository\cglib\cglib\3.2.5\cglib-3.2.5.jar;C:\Users\tommy.irwanta\.m2\repository\org\apache\ant\ant\1.9.6\ant-1.9.6.jar;C:\Users\tommy.irwanta\.m2\repository\org\apache\ant\ant-launcher\1.9.6\ant-launcher-1.9.6.jar;C:\Users\tommy.irwanta\.m2\repository\org\ow2\asm\asm\5.0.3\asm-5.0.3.jar;C:\Users\tommy.irwanta\.m2\repository\commons-codec\commons-codec\1.10\commons-codec-1.10.jar;C:\Users\tommy.irwanta\.m2\repository\xml-apis\xml-apis\1.4.01\xml-apis-1.4.01.jar;C:\Users\tommy.irwanta\.m2\repository\io\cucumber\cucumber-core\2.4.0\cucumber-core-2.4.0.jar;C:\Users\tommy.irwanta\.m2\repository\info\cukes\cucumber-html\0.2.6\cucumber-html-0.2.6.jar;C:\Users\tommy.irwanta\.m2\repository\io\cucumber\cucumber-jvm-deps\1.0.6\cucumber-jvm-deps-1.0.6.jar;C:\Users\tommy.irwanta\.m2\repository\io\cucumber\gherkin\5.0.0\gherkin-5.0.0.jar;C:\Users\tommy.irwanta\.m2\repository\io\cucumber\tag-expressions\1.1.1\tag-expressions-1.1.1.jar;C:\Users\tommy.irwanta\.m2\repository\commons-logging\commons-logging\1.2\commons-logging-1.2.jar;C:\Users\tommy.irwanta\.m2\repository\net\bytebuddy\byte-buddy\1.8.12\byte-buddy-1.8.12.jar;C:\Users\tommy.irwanta\.m2\repository\io\vavr\vavr\0.9.0\vavr-0.9.0.jar;C:\Users\tommy.irwanta\.m2\repository\io\vavr\vavr-match\0.9.0\vavr-match-0.9.0.jar;C:\Users\tommy.irwanta\.m2\repository\net\serenity-bdd\serenity-junit\1.9.45\serenity-junit-1.9.45.jar;C:\Users\tommy.irwanta\.m2\repository\org\springframework\spring-context\4.3.10.RELEASE\spring-context-4.3.10.RELEASE.jar;C:\Users\tommy.irwanta\.m2\repository\org\springframework\spring-context-support\4.3.10.RELEASE\spring-context-support-4.3.10.RELEASE.jar;"/>
    <property name="java.vm.vendor" value="Oracle Corporation"/>
    <property name="sun.arch.data.model" value="64"/>
    <property name="user.variant" value=""/>
    <property name="java.vendor.url" value="http://java.oracle.com/"/>
    <property name="user.timezone" value="Asia/Bangkok"/>
    <property name="java.vm.specification.version" value="1.8"/>
    <property name="os.name" value="Windows 10"/>
    <property name="user.country" value="US"/>
    <property name="sun.java.launcher" value="SUN_STANDARD"/>
    <property name="sun.boot.library.path" value="C:\Program Files\Java\jdk1.8.0_191\jre\bin"/>
    <property name="sun.java.command" value="C:\Users\TOMMY~1.IRW\AppData\Local\Temp\surefire528700460322589142\surefirebooter8788049928984709922.jar C:\Users\tommy.irwanta\AppData\Local\Temp\surefire528700460322589142 2021-09-30T20-00-28_063-jvmRun1 surefire1392059902687459981tmp surefire_0927690947741717666tmp"/>
    <property name="surefire.test.class.path" value="D:\tommy\tommy\ruangGuru\ruangGuru\target\test-classes;D:\tommy\tommy\ruangGuru\ruangGuru\target\test-rg-1.0.0-SNAPSHOT.jar;C:\Users\tommy.irwanta\.m2\repository\org\springframework\boot\spring-boot-starter-web\1.5.6.RELEASE\spring-boot-starter-web-1.5.6.RELEASE.jar;C:\Users\tommy.irwanta\.m2\repository\org\springframework\boot\spring-boot-starter\1.5.6.RELEASE\spring-boot-starter-1.5.6.RELEASE.jar;C:\Users\tommy.irwanta\.m2\repository\org\springframework\boot\spring-boot-autoconfigure\1.5.6.RELEASE\spring-boot-autoconfigure-1.5.6.RELEASE.jar;C:\Users\tommy.irwanta\.m2\repository\org\springframework\boot\spring-boot-starter-logging\1.5.6.RELEASE\spring-boot-starter-logging-1.5.6.RELEASE.jar;C:\Users\tommy.irwanta\.m2\repository\org\slf4j\jul-to-slf4j\1.7.25\jul-to-slf4j-1.7.25.jar;C:\Users\tommy.irwanta\.m2\repository\org\yaml\snakeyaml\1.17\snakeyaml-1.17.jar;C:\Users\tommy.irwanta\.m2\repository\org\springframework\boot\spring-boot-starter-tomcat\1.5.6.RELEASE\spring-boot-starter-tomcat-1.5.6.RELEASE.jar;C:\Users\tommy.irwanta\.m2\repository\org\apache\tomcat\embed\tomcat-embed-core\8.5.16\tomcat-embed-core-8.5.16.jar;C:\Users\tommy.irwanta\.m2\repository\org\apache\tomcat\embed\tomcat-embed-el\8.5.16\tomcat-embed-el-8.5.16.jar;C:\Users\tommy.irwanta\.m2\repository\org\apache\tomcat\embed\tomcat-embed-websocket\8.5.16\tomcat-embed-websocket-8.5.16.jar;C:\Users\tommy.irwanta\.m2\repository\org\hibernate\hibernate-validator\5.3.5.Final\hibernate-validator-5.3.5.Final.jar;C:\Users\tommy.irwanta\.m2\repository\javax\validation\validation-api\1.1.0.Final\validation-api-1.1.0.Final.jar;C:\Users\tommy.irwanta\.m2\repository\org\jboss\logging\jboss-logging\3.3.1.Final\jboss-logging-3.3.1.Final.jar;C:\Users\tommy.irwanta\.m2\repository\com\fasterxml\classmate\1.3.3\classmate-1.3.3.jar;C:\Users\tommy.irwanta\.m2\repository\com\fasterxml\jackson\core\jackson-databind\2.8.9\jackson-databind-2.8.9.jar;C:\Users\tommy.irwanta\.m2\repository\com\fasterxml\jackson\core\jackson-annotations\2.8.0\jackson-annotations-2.8.0.jar;C:\Users\tommy.irwanta\.m2\repository\com\fasterxml\jackson\core\jackson-core\2.8.9\jackson-core-2.8.9.jar;C:\Users\tommy.irwanta\.m2\repository\org\springframework\spring-web\4.3.10.RELEASE\spring-web-4.3.10.RELEASE.jar;C:\Users\tommy.irwanta\.m2\repository\org\springframework\spring-aop\4.3.10.RELEASE\spring-aop-4.3.10.RELEASE.jar;C:\Users\tommy.irwanta\.m2\repository\org\springframework\spring-beans\4.3.10.RELEASE\spring-beans-4.3.10.RELEASE.jar;C:\Users\tommy.irwanta\.m2\repository\org\springframework\spring-webmvc\4.3.10.RELEASE\spring-webmvc-4.3.10.RELEASE.jar;C:\Users\tommy.irwanta\.m2\repository\org\springframework\spring-expression\4.3.10.RELEASE\spring-expression-4.3.10.RELEASE.jar;C:\Users\tommy.irwanta\.m2\repository\org\springframework\boot\spring-boot-starter-test\1.5.6.RELEASE\spring-boot-starter-test-1.5.6.RELEASE.jar;C:\Users\tommy.irwanta\.m2\repository\org\springframework\boot\spring-boot-test\1.5.6.RELEASE\spring-boot-test-1.5.6.RELEASE.jar;C:\Users\tommy.irwanta\.m2\repository\org\springframework\boot\spring-boot-test-autoconfigure\1.5.6.RELEASE\spring-boot-test-autoconfigure-1.5.6.RELEASE.jar;C:\Users\tommy.irwanta\.m2\repository\com\jayway\jsonpath\json-path\2.2.0\json-path-2.2.0.jar;C:\Users\tommy.irwanta\.m2\repository\net\minidev\json-smart\2.2.1\json-smart-2.2.1.jar;C:\Users\tommy.irwanta\.m2\repository\net\minidev\accessors-smart\1.1\accessors-smart-1.1.jar;C:\Users\tommy.irwanta\.m2\repository\junit\junit\4.12\junit-4.12.jar;C:\Users\tommy.irwanta\.m2\repository\org\assertj\assertj-core\2.6.0\assertj-core-2.6.0.jar;C:\Users\tommy.irwanta\.m2\repository\org\mockito\mockito-core\1.10.19\mockito-core-1.10.19.jar;C:\Users\tommy.irwanta\.m2\repository\org\hamcrest\hamcrest-core\1.3\hamcrest-core-1.3.jar;C:\Users\tommy.irwanta\.m2\repository\org\hamcrest\hamcrest-library\1.3\hamcrest-library-1.3.jar;C:\Users\tommy.irwanta\.m2\repository\org\skyscreamer\jsonassert\1.4.0\jsonassert-1.4.0.jar;C:\Users\tommy.irwanta\.m2\repository\org\springframework\spring-core\4.3.10.RELEASE\spring-core-4.3.10.RELEASE.jar;C:\Users\tommy.irwanta\.m2\repository\org\springframework\spring-test\4.3.10.RELEASE\spring-test-4.3.10.RELEASE.jar;C:\Users\tommy.irwanta\.m2\repository\org\springframework\boot\spring-boot-starter-mustache\1.5.6.RELEASE\spring-boot-starter-mustache-1.5.6.RELEASE.jar;C:\Users\tommy.irwanta\.m2\repository\com\samskivert\jmustache\1.13\jmustache-1.13.jar;C:\Users\tommy.irwanta\.m2\repository\org\springframework\boot\spring-boot-configuration-processor\1.5.6.RELEASE\spring-boot-configuration-processor-1.5.6.RELEASE.jar;C:\Users\tommy.irwanta\.m2\repository\com\vaadin\external\google\android-json\0.0.20131108.vaadin1\android-json-0.0.20131108.vaadin1.jar;C:\Users\tommy.irwanta\.m2\repository\com\gdn\x\member\member-rest-web-model\1.19.0-3\member-rest-web-model-1.19.0-3.jar;C:\Users\tommy.irwanta\.m2\repository\com\gdn\gdn-common-client-sdk\2.5.0-1\gdn-common-client-sdk-2.5.0-1.jar;C:\Users\tommy.irwanta\.m2\repository\commons-beanutils\commons-beanutils\1.9.3\commons-beanutils-1.9.3.jar;C:\Users\tommy.irwanta\.m2\repository\com\fasterxml\jackson\dataformat\jackson-dataformat-xml\2.8.9\jackson-dataformat-xml-2.8.9.jar;C:\Users\tommy.irwanta\.m2\repository\com\fasterxml\jackson\module\jackson-module-jaxb-annotations\2.8.9\jackson-module-jaxb-annotations-2.8.9.jar;C:\Users\tommy.irwanta\.m2\repository\org\codehaus\woodstox\stax2-api\3.1.4\stax2-api-3.1.4.jar;C:\Users\tommy.irwanta\.m2\repository\com\fasterxml\woodstox\woodstox-core\5.0.3\woodstox-core-5.0.3.jar;C:\Users\tommy.irwanta\.m2\repository\com\gdn\x\member\member-base-model\1.19.0-3\member-base-model-1.19.0-3.jar;C:\Users\tommy.irwanta\.m2\repository\net\karneim\pojobuilder\3.6.0\pojobuilder-3.6.0.jar;C:\Users\tommy.irwanta\.m2\repository\com\squareup\javawriter\2.5.0\javawriter-2.5.0.jar;C:\Users\tommy.irwanta\.m2\repository\org\apache\commons\commons-lang3\3.3.2\commons-lang3-3.3.2.jar;C:\Users\tommy.irwanta\.m2\repository\joda-time\joda-time\2.9.9\joda-time-2.9.9.jar;C:\Users\tommy.irwanta\.m2\repository\org\slf4j\jcl-over-slf4j\1.7.25\jcl-over-slf4j-1.7.25.jar;C:\Users\tommy.irwanta\.m2\repository\org\slf4j\slf4j-api\1.7.25\slf4j-api-1.7.25.jar;C:\Users\tommy.irwanta\.m2\repository\ch\qos\logback\logback-core\1.1.11\logback-core-1.1.11.jar;C:\Users\tommy.irwanta\.m2\repository\ch\qos\logback\logback-classic\1.1.11\logback-classic-1.1.11.jar;C:\Users\tommy.irwanta\.m2\repository\com\gdn\x\cart\cart-rest-web-model\2.46.0-15\cart-rest-web-model-2.46.0-15.jar;C:\Users\tommy.irwanta\.m2\repository\com\gdn\x\cart\cart-master-model\2.46.0-15\cart-master-model-2.46.0-15.jar;C:\Users\tommy.irwanta\.m2\repository\com\gdn\gdn-common-helper\4.4.0-1\gdn-common-helper-4.4.0-1.jar;C:\Users\tommy.irwanta\.m2\repository\org\slf4j\log4j-over-slf4j\1.7.25\log4j-over-slf4j-1.7.25.jar;C:\Users\tommy.irwanta\.m2\repository\net\sf\dozer\dozer\5.4.0\dozer-5.4.0.jar;C:\Users\tommy.irwanta\.m2\repository\com\googlecode\lambdaj\lambdaj\2.3.3\lambdaj-2.3.3.jar;C:\Users\tommy.irwanta\.m2\repository\org\hamcrest\hamcrest-all\1.1\hamcrest-all-1.1.jar;C:\Users\tommy.irwanta\.m2\repository\org\objenesis\objenesis\1.2\objenesis-1.2.jar;C:\Users\tommy.irwanta\.m2\repository\cglib\cglib-nodep\2.2\cglib-nodep-2.2.jar;C:\Users\tommy.irwanta\.m2\repository\com\gdn\qa\automation\core\badak-core\1.9.8\badak-core-1.9.8.jar;C:\Users\tommy.irwanta\.m2\repository\org\jsoup\jsoup\1.11.3\jsoup-1.11.3.jar;C:\Users\tommy.irwanta\.m2\repository\io\github\bonigarcia\webdrivermanager\4.2.2\webdrivermanager-4.2.2.jar;C:\Users\tommy.irwanta\.m2\repository\commons-io\commons-io\2.8.0\commons-io-2.8.0.jar;C:\Users\tommy.irwanta\.m2\repository\org\apache\httpcomponents\client5\httpclient5\5.0.1\httpclient5-5.0.1.jar;C:\Users\tommy.irwanta\.m2\repository\org\apache\httpcomponents\core5\httpcore5\5.0.1\httpcore5-5.0.1.jar;C:\Users\tommy.irwanta\.m2\repository\org\apache\httpcomponents\core5\httpcore5-h2\5.0.1\httpcore5-h2-5.0.1.jar;C:\Users\tommy.irwanta\.m2\repository\org\rauschig\jarchivelib\1.1.0\jarchivelib-1.1.0.jar;C:\Users\tommy.irwanta\.m2\repository\org\apache\commons\commons-compress\1.20\commons-compress-1.20.jar;C:\Users\tommy.irwanta\.m2\repository\com\squareup\okhttp\okhttp\2.3.0\okhttp-2.3.0.jar;C:\Users\tommy.irwanta\.m2\repository\com\browserup\browserup-proxy-core\2.1.2\browserup-proxy-core-2.1.2.jar;C:\Users\tommy.irwanta\.m2\repository\io\netty\netty-codec\4.1.50.Final\netty-codec-4.1.50.Final.jar;C:\Users\tommy.irwanta\.m2\repository\io\netty\netty-common\4.1.50.Final\netty-common-4.1.50.Final.jar;C:\Users\tommy.irwanta\.m2\repository\io\netty\netty-buffer\4.1.50.Final\netty-buffer-4.1.50.Final.jar;C:\Users\tommy.irwanta\.m2\repository\io\netty\netty-transport\4.1.50.Final\netty-transport-4.1.50.Final.jar;C:\Users\tommy.irwanta\.m2\repository\io\netty\netty-resolver\4.1.50.Final\netty-resolver-4.1.50.Final.jar;C:\Users\tommy.irwanta\.m2\repository\xyz\rogfam\littleproxy\2.0.0-beta-5\littleproxy-2.0.0-beta-5.jar;C:\Users\tommy.irwanta\.m2\repository\com\barchart\udt\barchart-udt-bundle\2.3.0\barchart-udt-bundle-2.3.0.jar;C:\Users\tommy.irwanta\.m2\repository\com\browserup\browserup-proxy-mitm\2.1.2\browserup-proxy-mitm-2.1.2.jar;C:\Users\tommy.irwanta\.m2\repository\javax\xml\bind\jaxb-api\2.3.1\jaxb-api-2.3.1.jar;C:\Users\tommy.irwanta\.m2\repository\javax\activation\javax.activation-api\1.2.0\javax.activation-api-1.2.0.jar;C:\Users\tommy.irwanta\.m2\repository\com\jcraft\jzlib\1.1.3\jzlib-1.1.3.jar;C:\Users\tommy.irwanta\.m2\repository\dnsjava\dnsjava\3.1.0\dnsjava-3.1.0.jar;C:\Users\tommy.irwanta\.m2\repository\io\netty\netty-all\4.1.50.Final\netty-all-4.1.50.Final.jar;C:\Users\tommy.irwanta\.m2\repository\org\bouncycastle\bcpkix-jdk15on\1.64\bcpkix-jdk15on-1.64.jar;C:\Users\tommy.irwanta\.m2\repository\org\bouncycastle\bcprov-jdk15on\1.64\bcprov-jdk15on-1.64.jar;C:\Users\tommy.irwanta\.m2\repository\org\brotli\dec\0.1.2\dec-0.1.2.jar;C:\Users\tommy.irwanta\.m2\repository\org\javassist\javassist\3.21.0-GA\javassist-3.21.0-GA.jar;C:\Users\tommy.irwanta\.m2\repository\org\seleniumhq\selenium\selenium-api\3.14.0\selenium-api-3.14.0.jar;C:\Users\tommy.irwanta\.m2\repository\com\squareup\okio\okio\2.1.0\okio-2.1.0.jar;C:\Users\tommy.irwanta\.m2\repository\org\jetbrains\kotlin\kotlin-stdlib\1.2.60\kotlin-stdlib-1.2.60.jar;C:\Users\tommy.irwanta\.m2\repository\org\jetbrains\kotlin\kotlin-stdlib-common\1.2.60\kotlin-stdlib-common-1.2.60.jar;C:\Users\tommy.irwanta\.m2\repository\org\jetbrains\annotations\13.0\annotations-13.0.jar;C:\Users\tommy.irwanta\.m2\repository\com\google\guava\guava\27.0-jre\guava-27.0-jre.jar;C:\Users\tommy.irwanta\.m2\repository\com\google\guava\failureaccess\1.0\failureaccess-1.0.jar;C:\Users\tommy.irwanta\.m2\repository\com\google\guava\listenablefuture\9999.0-empty-to-avoid-conflict-with-guava\listenablefuture-9999.0-empty-to-avoid-conflict-with-guava.jar;C:\Users\tommy.irwanta\.m2\repository\com\google\code\findbugs\jsr305\3.0.2\jsr305-3.0.2.jar;C:\Users\tommy.irwanta\.m2\repository\org\checkerframework\checker-qual\2.5.2\checker-qual-2.5.2.jar;C:\Users\tommy.irwanta\.m2\repository\com\google\errorprone\error_prone_annotations\2.2.0\error_prone_annotations-2.2.0.jar;C:\Users\tommy.irwanta\.m2\repository\com\google\j2objc\j2objc-annotations\1.1\j2objc-annotations-1.1.jar;C:\Users\tommy.irwanta\.m2\repository\org\codehaus\mojo\animal-sniffer-annotations\1.17\animal-sniffer-annotations-1.17.jar;C:\Users\tommy.irwanta\.m2\repository\io\rest-assured\json-schema-validator\3.2.0\json-schema-validator-3.2.0.jar;C:\Users\tommy.irwanta\.m2\repository\com\github\fge\json-schema-validator\2.2.6\json-schema-validator-2.2.6.jar;C:\Users\tommy.irwanta\.m2\repository\com\googlecode\libphonenumber\libphonenumber\6.2\libphonenumber-6.2.jar;C:\Users\tommy.irwanta\.m2\repository\com\github\fge\json-schema-core\1.2.5\json-schema-core-1.2.5.jar;C:\Users\tommy.irwanta\.m2\repository\com\github\fge\uri-template\0.9\uri-template-0.9.jar;C:\Users\tommy.irwanta\.m2\repository\com\github\fge\msg-simple\1.1\msg-simple-1.1.jar;C:\Users\tommy.irwanta\.m2\repository\com\github\fge\btf\1.2\btf-1.2.jar;C:\Users\tommy.irwanta\.m2\repository\com\github\fge\jackson-coreutils\1.8\jackson-coreutils-1.8.jar;C:\Users\tommy.irwanta\.m2\repository\org\mozilla\rhino\1.7R4\rhino-1.7R4.jar;C:\Users\tommy.irwanta\.m2\repository\javax\mail\mailapi\1.4.3\mailapi-1.4.3.jar;C:\Users\tommy.irwanta\.m2\repository\net\sf\jopt-simple\jopt-simple\4.6\jopt-simple-4.6.jar;C:\Users\tommy.irwanta\.m2\repository\com\google\code\gson\gson\2.8.1\gson-2.8.1.jar;C:\Users\tommy.irwanta\.m2\repository\net\serenity-bdd\serenity-core\1.9.45\serenity-core-1.9.45.jar;C:\Users\tommy.irwanta\.m2\repository\net\serenity-bdd\serenity-report-resources\1.9.45\serenity-report-resources-1.9.45.jar;C:\Users\tommy.irwanta\.m2\repository\net\serenity-bdd\serenity-model\1.9.45\serenity-model-1.9.45.jar;C:\Users\tommy.irwanta\.m2\repository\commons-net\commons-net\3.6\commons-net-3.6.jar;C:\Users\tommy.irwanta\.m2\repository\net\serenity-bdd\serenity-reports\1.9.45\serenity-reports-1.9.45.jar;C:\Users\tommy.irwanta\.m2\repository\org\seleniumhq\selenium\selenium-server\3.14.0\selenium-server-3.14.0.jar;C:\Users\tommy.irwanta\.m2\repository\org\seleniumhq\selenium\selenium-firefox-driver\3.14.0\selenium-firefox-driver-3.14.0.jar;C:\Users\tommy.irwanta\.m2\repository\org\seleniumhq\selenium\selenium-ie-driver\3.14.0\selenium-ie-driver-3.14.0.jar;C:\Users\tommy.irwanta\.m2\repository\com\beust\jcommander\1.72\jcommander-1.72.jar;C:\Users\tommy.irwanta\.m2\repository\org\apache\commons\commons-exec\1.3\commons-exec-1.3.jar;C:\Users\tommy.irwanta\.m2\repository\org\apache\commons\commons-text\1.1\commons-text-1.1.jar;C:\Users\tommy.irwanta\.m2\repository\org\apache\httpcomponents\httpcore\4.4.6\httpcore-4.4.6.jar;C:\Users\tommy.irwanta\.m2\repository\net\jcip\jcip-annotations\1.0\jcip-annotations-1.0.jar;C:\Users\tommy.irwanta\.m2\repository\org\seleniumhq\selenium\jetty-repacked\9.4.8.v20180619\jetty-repacked-9.4.8.v20180619.jar;C:\Users\tommy.irwanta\.m2\repository\org\eclipse\jetty\jetty-client\9.4.6.v20170531\jetty-client-9.4.6.v20170531.jar;C:\Users\tommy.irwanta\.m2\repository\org\eclipse\jetty\jetty-http\9.4.6.v20170531\jetty-http-9.4.6.v20170531.jar;C:\Users\tommy.irwanta\.m2\repository\org\eclipse\jetty\jetty-xml\9.4.6.v20170531\jetty-xml-9.4.6.v20170531.jar;C:\Users\tommy.irwanta\.m2\repository\com\squareup\okhttp3\okhttp\3.10.0\okhttp-3.10.0.jar;C:\Users\tommy.irwanta\.m2\repository\javax\servlet\javax.servlet-api\3.1.0\javax.servlet-api-3.1.0.jar;C:\Users\tommy.irwanta\.m2\repository\org\eclipse\jetty\websocket\websocket-api\9.4.8.v20180619\websocket-api-9.4.8.v20180619.jar;C:\Users\tommy.irwanta\.m2\repository\org\eclipse\jetty\websocket\websocket-client\9.4.6.v20170531\websocket-client-9.4.6.v20170531.jar;C:\Users\tommy.irwanta\.m2\repository\org\eclipse\jetty\websocket\websocket-common\9.4.8.v20180619\websocket-common-9.4.8.v20180619.jar;C:\Users\tommy.irwanta\.m2\repository\xerces\xercesImpl\2.11.0\xercesImpl-2.11.0.jar;C:\Users\tommy.irwanta\.m2\repository\org\seleniumhq\selenium\selenium-java\3.14.0\selenium-java-3.14.0.jar;C:\Users\tommy.irwanta\.m2\repository\org\seleniumhq\selenium\selenium-chrome-driver\3.14.0\selenium-chrome-driver-3.14.0.jar;C:\Users\tommy.irwanta\.m2\repository\org\seleniumhq\selenium\selenium-edge-driver\3.14.0\selenium-edge-driver-3.14.0.jar;C:\Users\tommy.irwanta\.m2\repository\org\seleniumhq\selenium\selenium-remote-driver\3.14.0\selenium-remote-driver-3.14.0.jar;C:\Users\tommy.irwanta\.m2\repository\org\seleniumhq\selenium\selenium-safari-driver\3.14.0\selenium-safari-driver-3.14.0.jar;C:\Users\tommy.irwanta\.m2\repository\org\seleniumhq\selenium\selenium-opera-driver\3.14.0\selenium-opera-driver-3.14.0.jar;C:\Users\tommy.irwanta\.m2\repository\org\seleniumhq\selenium\selenium-support\3.14.0\selenium-support-3.14.0.jar;C:\Users\tommy.irwanta\.m2\repository\com\paulhammant\ngwebdriver\1.1.4\ngwebdriver-1.1.4.jar;C:\Users\tommy.irwanta\.m2\repository\com\codeborne\phantomjsdriver\1.4.4\phantomjsdriver-1.4.4.jar;C:\Users\tommy.irwanta\.m2\repository\org\eclipse\jetty\jetty-util\9.4.6.v20170531\jetty-util-9.4.6.v20170531.jar;C:\Users\tommy.irwanta\.m2\repository\org\eclipse\jetty\jetty-io\9.4.6.v20170531\jetty-io-9.4.6.v20170531.jar;C:\Users\tommy.irwanta\.m2\repository\org\seleniumhq\selenium\htmlunit-driver\2.21\htmlunit-driver-2.21.jar;C:\Users\tommy.irwanta\.m2\repository\io\appium\java-client\6.1.0\java-client-6.1.0.jar;C:\Users\tommy.irwanta\.m2\repository\commons-validator\commons-validator\1.6\commons-validator-1.6.jar;C:\Users\tommy.irwanta\.m2\repository\commons-digester\commons-digester\2.1\commons-digester-2.1.jar;C:\Users\tommy.irwanta\.m2\repository\org\aspectj\aspectjweaver\1.8.10\aspectjweaver-1.8.10.jar;C:\Users\tommy.irwanta\.m2\repository\org\openpnp\opencv\3.2.0-1\opencv-3.2.0-1.jar;C:\Users\tommy.irwanta\.m2\repository\org\glassfish\tyrus\tyrus-core\1.13.1\tyrus-core-1.13.1.jar;C:\Users\tommy.irwanta\.m2\repository\org\glassfish\tyrus\tyrus-spi\1.13.1\tyrus-spi-1.13.1.jar;C:\Users\tommy.irwanta\.m2\repository\javax\websocket\javax.websocket-api\1.1\javax.websocket-api-1.1.jar;C:\Users\tommy.irwanta\.m2\repository\org\codehaus\groovy\groovy\2.4.12\groovy-2.4.12.jar;C:\Users\tommy.irwanta\.m2\repository\net\sf\opencsv\opencsv\2.0\opencsv-2.0.jar;C:\Users\tommy.irwanta\.m2\repository\commons-beanutils\commons-beanutils-core\1.8.3\commons-beanutils-core-1.8.3.jar;C:\Users\tommy.irwanta\.m2\repository\com\thoughtworks\xstream\xstream\1.4.9\xstream-1.4.9.jar;C:\Users\tommy.irwanta\.m2\repository\xmlpull\xmlpull\1.1.3.1\xmlpull-1.1.3.1.jar;C:\Users\tommy.irwanta\.m2\repository\xpp3\xpp3_min\1.1.4c\xpp3_min-1.1.4c.jar;C:\Users\tommy.irwanta\.m2\repository\commons-collections\commons-collections\3.2.2\commons-collections-3.2.2.jar;C:\Users\tommy.irwanta\.m2\repository\org\freemarker\freemarker\2.3.26-incubating\freemarker-2.3.26-incubating.jar;C:\Users\tommy.irwanta\.m2\repository\net\sourceforge\jexcelapi\jxl\2.6.12\jxl-2.6.12.jar;C:\Users\tommy.irwanta\.m2\repository\net\sourceforge\htmlunit\htmlunit\2.21\htmlunit-2.21.jar;C:\Users\tommy.irwanta\.m2\repository\net\sourceforge\htmlunit\htmlunit-core-js\2.17\htmlunit-core-js-2.17.jar;C:\Users\tommy.irwanta\.m2\repository\net\sourceforge\htmlunit\neko-htmlunit\2.21\neko-htmlunit-2.21.jar;C:\Users\tommy.irwanta\.m2\repository\net\sourceforge\cssparser\cssparser\0.9.18\cssparser-0.9.18.jar;C:\Users\tommy.irwanta\.m2\repository\org\w3c\css\sac\1.3\sac-1.3.jar;C:\Users\tommy.irwanta\.m2\repository\org\apache\httpcomponents\httpclient\4.5.3\httpclient-4.5.3.jar;C:\Users\tommy.irwanta\.m2\repository\org\apache\httpcomponents\httpmime\4.5.3\httpmime-4.5.3.jar;C:\Users\tommy.irwanta\.m2\repository\org\fluentlenium\fluentlenium-core\0.10.2\fluentlenium-core-0.10.2.jar;C:\Users\tommy.irwanta\.m2\repository\com\jhlabs\filters\2.0.235\filters-2.0.235.jar;C:\Users\tommy.irwanta\.m2\repository\org\asciidoctor\asciidoctorj\1.5.6\asciidoctorj-1.5.6.jar;C:\Users\tommy.irwanta\.m2\repository\org\jruby\jruby-complete\1.7.26\jruby-complete-1.7.26.jar;C:\Users\tommy.irwanta\.m2\repository\org\imgscalr\imgscalr-lib\4.2\imgscalr-lib-4.2.jar;C:\Users\tommy.irwanta\.m2\repository\javax\el\javax.el-api\2.2.4\javax.el-api-2.2.4.jar;C:\Users\tommy.irwanta\.m2\repository\org\glassfish\web\javax.el\2.2.4\javax.el-2.2.4.jar;C:\Users\tommy.irwanta\.m2\repository\xalan\xalan\2.7.2\xalan-2.7.2.jar;C:\Users\tommy.irwanta\.m2\repository\xalan\serializer\2.7.2\serializer-2.7.2.jar;C:\Users\tommy.irwanta\.m2\repository\org\awaitility\awaitility\3.1.0\awaitility-3.1.0.jar;C:\Users\tommy.irwanta\.m2\repository\com\typesafe\config\1.3.1\config-1.3.1.jar;C:\Users\tommy.irwanta\.m2\repository\com\google\jimfs\jimfs\1.1\jimfs-1.1.jar;C:\Users\tommy.irwanta\.m2\repository\es\nitaur\markdown\txtmark\0.16\txtmark-0.16.jar;C:\Users\tommy.irwanta\.m2\repository\com\vladsch\flexmark\flexmark-all\0.26.4\flexmark-all-0.26.4.jar;C:\Users\tommy.irwanta\.m2\repository\com\vladsch\flexmark\flexmark\0.26.4\flexmark-0.26.4.jar;C:\Users\tommy.irwanta\.m2\repository\com\vladsch\flexmark\flexmark-ext-abbreviation\0.26.4\flexmark-ext-abbreviation-0.26.4.jar;C:\Users\tommy.irwanta\.m2\repository\com\vladsch\flexmark\flexmark-ext-anchorlink\0.26.4\flexmark-ext-anchorlink-0.26.4.jar;C:\Users\tommy.irwanta\.m2\repository\com\vladsch\flexmark\flexmark-ext-aside\0.26.4\flexmark-ext-aside-0.26.4.jar;C:\Users\tommy.irwanta\.m2\repository\com\vladsch\flexmark\flexmark-ext-autolink\0.26.4\flexmark-ext-autolink-0.26.4.jar;C:\Users\tommy.irwanta\.m2\repository\org\nibor\autolink\autolink\0.6.0\autolink-0.6.0.jar;C:\Users\tommy.irwanta\.m2\repository\com\vladsch\flexmark\flexmark-ext-definition\0.26.4\flexmark-ext-definition-0.26.4.jar;C:\Users\tommy.irwanta\.m2\repository\com\vladsch\flexmark\flexmark-ext-emoji\0.26.4\flexmark-ext-emoji-0.26.4.jar;C:\Users\tommy.irwanta\.m2\repository\com\vladsch\flexmark\flexmark-ext-escaped-character\0.26.4\flexmark-ext-escaped-character-0.26.4.jar;C:\Users\tommy.irwanta\.m2\repository\com\vladsch\flexmark\flexmark-ext-footnotes\0.26.4\flexmark-ext-footnotes-0.26.4.jar;C:\Users\tommy.irwanta\.m2\repository\com\vladsch\flexmark\flexmark-ext-gfm-issues\0.26.4\flexmark-ext-gfm-issues-0.26.4.jar;C:\Users\tommy.irwanta\.m2\repository\com\vladsch\flexmark\flexmark-ext-gfm-strikethrough\0.26.4\flexmark-ext-gfm-strikethrough-0.26.4.jar;C:\Users\tommy.irwanta\.m2\repository\com\vladsch\flexmark\flexmark-ext-gfm-tables\0.26.4\flexmark-ext-gfm-tables-0.26.4.jar;C:\Users\tommy.irwanta\.m2\repository\com\vladsch\flexmark\flexmark-ext-gfm-tasklist\0.26.4\flexmark-ext-gfm-tasklist-0.26.4.jar;C:\Users\tommy.irwanta\.m2\repository\com\vladsch\flexmark\flexmark-ext-gfm-users\0.26.4\flexmark-ext-gfm-users-0.26.4.jar;C:\Users\tommy.irwanta\.m2\repository\com\vladsch\flexmark\flexmark-ext-jekyll-front-matter\0.26.4\flexmark-ext-jekyll-front-matter-0.26.4.jar;C:\Users\tommy.irwanta\.m2\repository\com\vladsch\flexmark\flexmark-ext-jekyll-tag\0.26.4\flexmark-ext-jekyll-tag-0.26.4.jar;C:\Users\tommy.irwanta\.m2\repository\com\vladsch\flexmark\flexmark-ext-ins\0.26.4\flexmark-ext-ins-0.26.4.jar;C:\Users\tommy.irwanta\.m2\repository\com\vladsch\flexmark\flexmark-ext-xwiki-macros\0.26.4\flexmark-ext-xwiki-macros-0.26.4.jar;C:\Users\tommy.irwanta\.m2\repository\com\vladsch\flexmark\flexmark-ext-superscript\0.26.4\flexmark-ext-superscript-0.26.4.jar;C:\Users\tommy.irwanta\.m2\repository\com\vladsch\flexmark\flexmark-ext-tables\0.26.4\flexmark-ext-tables-0.26.4.jar;C:\Users\tommy.irwanta\.m2\repository\com\vladsch\flexmark\flexmark-ext-toc\0.26.4\flexmark-ext-toc-0.26.4.jar;C:\Users\tommy.irwanta\.m2\repository\com\vladsch\flexmark\flexmark-ext-typographic\0.26.4\flexmark-ext-typographic-0.26.4.jar;C:\Users\tommy.irwanta\.m2\repository\com\vladsch\flexmark\flexmark-ext-wikilink\0.26.4\flexmark-ext-wikilink-0.26.4.jar;C:\Users\tommy.irwanta\.m2\repository\com\vladsch\flexmark\flexmark-ext-yaml-front-matter\0.26.4\flexmark-ext-yaml-front-matter-0.26.4.jar;C:\Users\tommy.irwanta\.m2\repository\com\vladsch\flexmark\flexmark-formatter\0.26.4\flexmark-formatter-0.26.4.jar;C:\Users\tommy.irwanta\.m2\repository\com\vladsch\flexmark\flexmark-html-parser\0.26.4\flexmark-html-parser-0.26.4.jar;C:\Users\tommy.irwanta\.m2\repository\com\vladsch\flexmark\flexmark-jira-converter\0.26.4\flexmark-jira-converter-0.26.4.jar;C:\Users\tommy.irwanta\.m2\repository\com\vladsch\flexmark\flexmark-pdf-converter\0.26.4\flexmark-pdf-converter-0.26.4.jar;C:\Users\tommy.irwanta\.m2\repository\com\openhtmltopdf\openhtmltopdf-core\0.0.1-RC9\openhtmltopdf-core-0.0.1-RC9.jar;C:\Users\tommy.irwanta\.m2\repository\com\openhtmltopdf\openhtmltopdf-pdfbox\0.0.1-RC9\openhtmltopdf-pdfbox-0.0.1-RC9.jar;C:\Users\tommy.irwanta\.m2\repository\org\apache\pdfbox\pdfbox\2.0.4\pdfbox-2.0.4.jar;C:\Users\tommy.irwanta\.m2\repository\org\apache\pdfbox\fontbox\2.0.4\fontbox-2.0.4.jar;C:\Users\tommy.irwanta\.m2\repository\com\openhtmltopdf\openhtmltopdf-rtl-support\0.0.1-RC9\openhtmltopdf-rtl-support-0.0.1-RC9.jar;C:\Users\tommy.irwanta\.m2\repository\com\ibm\icu\icu4j\58.1\icu4j-58.1.jar;C:\Users\tommy.irwanta\.m2\repository\com\openhtmltopdf\openhtmltopdf-jsoup-dom-converter\0.0.1-RC9\openhtmltopdf-jsoup-dom-converter-0.0.1-RC9.jar;C:\Users\tommy.irwanta\.m2\repository\com\vladsch\flexmark\flexmark-profile-pegdown\0.26.4\flexmark-profile-pegdown-0.26.4.jar;C:\Users\tommy.irwanta\.m2\repository\com\vladsch\flexmark\flexmark-util\0.26.4\flexmark-util-0.26.4.jar;C:\Users\tommy.irwanta\.m2\repository\com\vladsch\flexmark\flexmark-youtrack-converter\0.26.4\flexmark-youtrack-converter-0.26.4.jar;C:\Users\tommy.irwanta\.m2\repository\net\serenity-bdd\serenity-cucumber\1.9.38\serenity-cucumber-1.9.38.jar;C:\Users\tommy.irwanta\.m2\repository\net\serenity-bdd\serenity-screenplay\2.0.49\serenity-screenplay-2.0.49.jar;C:\Users\tommy.irwanta\.m2\repository\net\bytebuddy\byte-buddy-agent\1.9.12\byte-buddy-agent-1.9.12.jar;C:\Users\tommy.irwanta\.m2\repository\com\sun\xml\bind\jaxb-core\2.3.0.1\jaxb-core-2.3.0.1.jar;C:\Users\tommy.irwanta\.m2\repository\com\sun\xml\bind\jaxb-impl\2.3.0.1\jaxb-impl-2.3.0.1.jar;C:\Users\tommy.irwanta\.m2\repository\javax\activation\activation\1.1.1\activation-1.1.1.jar;C:\Users\tommy.irwanta\.m2\repository\uk\com\robust-it\cloning\1.9.10\cloning-1.9.10.jar;C:\Users\tommy.irwanta\.m2\repository\net\serenity-bdd\serenity-screenplay-webdriver\2.0.49\serenity-screenplay-webdriver-2.0.49.jar;C:\Users\tommy.irwanta\.m2\repository\io\cucumber\cucumber-java\2.4.0\cucumber-java-2.4.0.jar;C:\Users\tommy.irwanta\.m2\repository\io\cucumber\cucumber-junit\2.4.0\cucumber-junit-2.4.0.jar;C:\Users\tommy.irwanta\.m2\repository\org\apache\commons\commons-csv\1.5\commons-csv-1.5.jar;C:\Users\tommy.irwanta\.m2\repository\org\springframework\boot\spring-boot\1.5.6.RELEASE\spring-boot-1.5.6.RELEASE.jar;C:\Users\tommy.irwanta\.m2\repository\net\serenity-bdd\serenity-rest-assured\1.9.45\serenity-rest-assured-1.9.45.jar;C:\Users\tommy.irwanta\.m2\repository\io\rest-assured\rest-assured\3.0.5\rest-assured-3.0.5.jar;C:\Users\tommy.irwanta\.m2\repository\org\ccil\cowan\tagsoup\tagsoup\1.2.1\tagsoup-1.2.1.jar;C:\Users\tommy.irwanta\.m2\repository\io\rest-assured\json-path\3.0.5\json-path-3.0.5.jar;C:\Users\tommy.irwanta\.m2\repository\io\rest-assured\rest-assured-common\3.0.5\rest-assured-common-3.0.5.jar;C:\Users\tommy.irwanta\.m2\repository\io\rest-assured\xml-path\3.0.5\xml-path-3.0.5.jar;C:\Users\tommy.irwanta\.m2\repository\org\codehaus\groovy\groovy-xml\2.4.12\groovy-xml-2.4.12.jar;C:\Users\tommy.irwanta\.m2\repository\org\codehaus\groovy\groovy-json\2.4.12\groovy-json-2.4.12.jar;C:\Users\tommy.irwanta\.m2\repository\org\apache\maven\maven-project\3.0-alpha-2\maven-project-3.0-alpha-2.jar;C:\Users\tommy.irwanta\.m2\repository\org\apache\maven\maven-model\3.0-alpha-2\maven-model-3.0-alpha-2.jar;C:\Users\tommy.irwanta\.m2\repository\org\codehaus\plexus\plexus-utils\1.5.6\plexus-utils-1.5.6.jar;C:\Users\tommy.irwanta\.m2\repository\org\codehaus\plexus\plexus-interpolation\1.1\plexus-interpolation-1.1.jar;C:\Users\tommy.irwanta\.m2\repository\org\apache\maven\maven-compat\3.0-alpha-2\maven-compat-3.0-alpha-2.jar;C:\Users\tommy.irwanta\.m2\repository\org\codehaus\plexus\plexus-component-annotations\1.0-beta-3.0.5\plexus-component-annotations-1.0-beta-3.0.5.jar;C:\Users\tommy.irwanta\.m2\repository\org\apache\maven\wagon\wagon-provider-api\1.0-beta-4\wagon-provider-api-1.0-beta-4.jar;C:\Users\tommy.irwanta\.m2\repository\org\codehaus\plexus\plexus-container-default\1.0-beta-3.0.5\plexus-container-default-1.0-beta-3.0.5.jar;C:\Users\tommy.irwanta\.m2\repository\org\codehaus\plexus\plexus-classworlds\1.4\plexus-classworlds-1.4.jar;C:\Users\tommy.irwanta\.m2\repository\org\apache\xbean\xbean-reflect\3.4\xbean-reflect-3.4.jar;C:\Users\tommy.irwanta\.m2\repository\log4j\log4j\1.2.12\log4j-1.2.12.jar;C:\Users\tommy.irwanta\.m2\repository\commons-logging\commons-logging-api\1.1\commons-logging-api-1.1.jar;C:\Users\tommy.irwanta\.m2\repository\com\google\code\google-collections\google-collect\snapshot-20080530\google-collect-snapshot-20080530.jar;C:\Users\tommy.irwanta\.m2\repository\org\codehaus\woodstox\wstx-asl\3.2.6\wstx-asl-3.2.6.jar;C:\Users\tommy.irwanta\.m2\repository\stax\stax-api\1.0.1\stax-api-1.0.1.jar;C:\Users\tommy.irwanta\.m2\repository\org\sonatype\spice\model-builder\1.3\model-builder-1.3.jar;C:\Users\tommy.irwanta\.m2\repository\org\apache\maven\maven-project-builder\3.0-alpha-2\maven-project-builder-3.0-alpha-2.jar;C:\Users\tommy.irwanta\.m2\repository\com\github\yunusmete\stf\openstf-java-client\1.0\openstf-java-client-1.0.jar;C:\Users\tommy.irwanta\.m2\repository\com\squareup\retrofit\retrofit\1.9.0\retrofit-1.9.0.jar;C:\Users\tommy.irwanta\.m2\repository\org\json\json\20140107\json-20140107.jar;C:\Users\tommy.irwanta\.m2\repository\com\gdn\qa\automation\core\badak-core\1.9.8\badak-core-1.9.8-tests.jar;C:\Users\tommy.irwanta\.m2\repository\org\projectlombok\lombok\1.16.18\lombok-1.16.18.jar;C:\Users\tommy.irwanta\.m2\repository\net\serenity-bdd\serenity-spring\1.9.45\serenity-spring-1.9.45.jar;C:\Users\tommy.irwanta\.m2\repository\com\google\inject\guice\4.2.0\guice-4.2.0.jar;C:\Users\tommy.irwanta\.m2\repository\javax\inject\javax.inject\1\javax.inject-1.jar;C:\Users\tommy.irwanta\.m2\repository\aopalliance\aopalliance\1.0\aopalliance-1.0.jar;C:\Users\tommy.irwanta\.m2\repository\cglib\cglib\3.2.5\cglib-3.2.5.jar;C:\Users\tommy.irwanta\.m2\repository\org\apache\ant\ant\1.9.6\ant-1.9.6.jar;C:\Users\tommy.irwanta\.m2\repository\org\apache\ant\ant-launcher\1.9.6\ant-launcher-1.9.6.jar;C:\Users\tommy.irwanta\.m2\repository\org\ow2\asm\asm\5.0.3\asm-5.0.3.jar;C:\Users\tommy.irwanta\.m2\repository\commons-codec\commons-codec\1.10\commons-codec-1.10.jar;C:\Users\tommy.irwanta\.m2\repository\xml-apis\xml-apis\1.4.01\xml-apis-1.4.01.jar;C:\Users\tommy.irwanta\.m2\repository\io\cucumber\cucumber-core\2.4.0\cucumber-core-2.4.0.jar;C:\Users\tommy.irwanta\.m2\repository\info\cukes\cucumber-html\0.2.6\cucumber-html-0.2.6.jar;C:\Users\tommy.irwanta\.m2\repository\io\cucumber\cucumber-jvm-deps\1.0.6\cucumber-jvm-deps-1.0.6.jar;C:\Users\tommy.irwanta\.m2\repository\io\cucumber\gherkin\5.0.0\gherkin-5.0.0.jar;C:\Users\tommy.irwanta\.m2\repository\io\cucumber\tag-expressions\1.1.1\tag-expressions-1.1.1.jar;C:\Users\tommy.irwanta\.m2\repository\commons-logging\commons-logging\1.2\commons-logging-1.2.jar;C:\Users\tommy.irwanta\.m2\repository\net\bytebuddy\byte-buddy\1.8.12\byte-buddy-1.8.12.jar;C:\Users\tommy.irwanta\.m2\repository\io\vavr\vavr\0.9.0\vavr-0.9.0.jar;C:\Users\tommy.irwanta\.m2\repository\io\vavr\vavr-match\0.9.0\vavr-match-0.9.0.jar;C:\Users\tommy.irwanta\.m2\repository\net\serenity-bdd\serenity-junit\1.9.45\serenity-junit-1.9.45.jar;C:\Users\tommy.irwanta\.m2\repository\org\springframework\spring-context\4.3.10.RELEASE\spring-context-4.3.10.RELEASE.jar;C:\Users\tommy.irwanta\.m2\repository\org\springframework\spring-context-support\4.3.10.RELEASE\spring-context-support-4.3.10.RELEASE.jar;"/>
    <property name="sun.cpu.endian" value="little"/>
    <property name="user.home" value="C:\Users\tommy.irwanta"/>
    <property name="user.language" value="en"/>
    <property name="java.specification.vendor" value="Oracle Corporation"/>
    <property name="java.home" value="C:\Program Files\Java\jdk1.8.0_191\jre"/>
    <property name="basedir" value="D:\tommy\tommy\ruangGuru\ruangGuru"/>
    <property name="file.separator" value="\"/>
    <property name="line.separator" value="&#10;"/>
    <property name="java.vm.specification.vendor" value="Oracle Corporation"/>
    <property name="java.specification.name" value="Java Platform API Specification"/>
    <property name="java.awt.graphicsenv" value="sun.awt.Win32GraphicsEnvironment"/>
    <property name="idea.version2020.1.1" value="true"/>
    <property name="spring.config.location" value="classpath:/application-UATA.properties"/>
    <property name="surefire.real.class.path" value="C:\Users\TOMMY~1.IRW\AppData\Local\Temp\surefire528700460322589142\surefirebooter8788049928984709922.jar"/>
    <property name="sun.boot.class.path" value="C:\Program Files\Java\jdk1.8.0_191\jre\lib\resources.jar;C:\Program Files\Java\jdk1.8.0_191\jre\lib\rt.jar;C:\Program Files\Java\jdk1.8.0_191\jre\lib\sunrsasign.jar;C:\Program Files\Java\jdk1.8.0_191\jre\lib\jsse.jar;C:\Program Files\Java\jdk1.8.0_191\jre\lib\jce.jar;C:\Program Files\Java\jdk1.8.0_191\jre\lib\charsets.jar;C:\Program Files\Java\jdk1.8.0_191\jre\lib\jfr.jar;C:\Program Files\Java\jdk1.8.0_191\jre\classes"/>
    <property name="user.script" value=""/>
    <property name="sun.management.compiler" value="HotSpot 64-Bit Tiered Compilers"/>
    <property name="java.runtime.version" value="1.8.0_191-b12"/>
    <property name="user.name" value="tommy.irwanta"/>
    <property name="path.separator" value=";"/>
    <property name="os.version" value="10.0"/>
    <property name="java.endorsed.dirs" value="C:\Program Files\Java\jdk1.8.0_191\jre\lib\endorsed"/>
    <property name="java.runtime.name" value="Java(TM) SE Runtime Environment"/>
    <property name="file.encoding" value="Cp1252"/>
    <property name="java.vm.name" value="Java HotSpot(TM) 64-Bit Server VM"/>
    <property name="localRepository" value="C:\Users\tommy.irwanta\.m2\repository"/>
    <property name="cucumber.options" value="--junit,--step-notifications"/>
    <property name="java.vendor.url.bug" value="http://bugreport.sun.com/bugreport/"/>
    <property name="java.io.tmpdir" value="C:\Users\TOMMY~1.IRW\AppData\Local\Temp\"/>
    <property name="java.version" value="1.8.0_191"/>
    <property name="user.dir" value="D:\tommy\tommy\ruangGuru\ruangGuru"/>
    <property name="os.arch" value="amd64"/>
    <property name="java.vm.specification.name" value="Java Virtual Machine Specification"/>
    <property name="java.awt.printerjob" value="sun.awt.windows.WPrinterJob"/>
    <property name="sun.os.patch.level" value=""/>
    <property name="java.library.path" value="C:\Program Files\Java\jdk1.8.0_191\jre\bin;C:\Windows\Sun\Java\bin;C:\Windows\system32;C:\Windows;C:\Program Files (x86)\NetSarang\Xshell 6\;C:\ProgramData\DockerDesktop\version-bin;C:\Program Files\Docker\Docker\Resources\bin;C:\Program Files (x86)\Common Files\Oracle\Java\javapath;C:\Windows\system32;C:\Windows;C:\Windows\System32\Wbem;C:\Windows\System32\WindowsPowerShell\v1.0\;C:\Windows\System32\OpenSSH\;C:\Program Files\Intel\WiFi\bin\;C:\Program Files\Common Files\Intel\WirelessCommon\;C:\Program Files (x86)\Intel\Intel(R) Management Engine Components\DAL;C:\Program Files\Intel\Intel(R) Management Engine Components\DAL;C:\Program Files\Dell\Dell Data Protection\Drivers\TSS\bin\;C:\Program Files\Java\jdk1.8.0_191\bin;C:\appserver\apache-maven-3.6.0\bin;C:\Program Files\PostgreSQL\10\bin;C:\Program Files (x86)\Yarn\bin\;C:\Program Files\nodejs\;C:\Program Files\apache-jmeter-5.1\bin;C:\Program Files\webdriver;C:\Program Files\Git\cmd;C:\Program Files\PuTTY\;C:\Users\hendri.antomy\AppData\Local\Android\Sdk\platform-tools;C:\Users\tommy.irwanta\AppData\Local\Microsoft\WindowsApps;C:\Program Files\Intel\WiFi\bin\;C:\Program Files\Common Files\Intel\WirelessCommon\;C:\Users\tommy.irwanta\AppData\Local\Google\Cloud SDK\google-cloud-sdk\bin;."/>
    <property name="java.vm.info" value="mixed mode"/>
    <property name="java.vendor" value="Oracle Corporation"/>
    <property name="java.vm.version" value="25.191-b12"/>
    <property name="java.ext.dirs" value="C:\Program Files\Java\jdk1.8.0_191\jre\lib\ext;C:\Windows\Sun\Java\lib\ext"/>
    <property name="sun.io.unicode.encoding" value="UnicodeLittle"/>
    <property name="java.class.version" value="52.0"/>
  </properties>
  <testcase name="[badak-app] prepare get project request data" classname="As A user I want to get data project list in Badak App" time="0.328"/>
  <testcase name="[badak-app] send get project request" classname="As A user I want to get data project list in Badak App" time="5.013"/>
  <testcase name="[badak-app] the schema should be same" classname="As A user I want to get data project list in Badak App" time="0.09"/>
  <testcase name="[badak-app] response time must be less than &apos;2000&apos; &apos;MILLISECONDS&apos;" classname="As A user I want to get data project list in Badak App" time="0.032">
    <failure message="Response Time is More than 2000 seconds&#10;Expected: a value less than or equal to &lt;2000L&gt;&#10;     but: &lt;2544L&gt; was greater than &lt;2000L&gt;" type="java.lang.AssertionError"><![CDATA[java.lang.AssertionError: 
Response Time is More than 2000 seconds
Expected: a value less than or equal to <2000L>
     but: <2544L> was greater than <2000L>
]]></failure>
    <system-out><![CDATA[time:2544
]]></system-out>
  </testcase>
  <testcase name="As A user I want to get data project list in Badak App" classname="As A user I want to get data project list in Badak App" time="0.166">
    <failure message="Response Time is More than 2000 seconds&#10;Expected: a value less than or equal to &lt;2000L&gt;&#10;     but: &lt;2544L&gt; was greater than &lt;2000L&gt;" type="java.lang.AssertionError"><![CDATA[java.lang.AssertionError: 
Response Time is More than 2000 seconds
Expected: a value less than or equal to <2000L>
     but: <2544L> was greater than <2000L>
]]></failure>
    <system-out><![CDATA[2021-09-30 20:00:42.029 ERROR 6788 --- [           main] n.t.core.steps.ConsoleLoggingListener    : 
           __  _____ _____ ____ _____   _____ _    ___ _     _____ ____  
  _       / / |_   _| ____/ ___|_   _| |  ___/ \  |_ _| |   | ____|  _ \ 
 (_)_____| |    | | |  _| \___ \ | |   | |_ / _ \  | || |   |  _| | | | |
  _|_____| |    | | | |___ ___) || |   |  _/ ___ \ | || |___| |___| |_| |
 (_)     | |    |_| |_____|____/ |_|   |_|/_/   \_\___|_____|_____|____/ 
          \_\                                                            

TEST FAILED: As A user I want to get data project list in Badak App
--------------------------------------------------------------------------
2021-09-30 20:00:42.149 ERROR 6788 --- [           main] n.t.core.steps.ConsoleLoggingListener    : TEST FAILED AT STEP And [badak-app] response time must be less than '2000' 'MILLISECONDS'
2021-09-30 20:00:42.149 ERROR 6788 --- [           main] n.t.core.steps.ConsoleLoggingListener    : Response Time is More than 2000 secondsExpected: a value less than or equal to <2000L> but: <2544L> was greater than <2000L>
]]></system-out>
  </testcase>
  <testcase name="the user is on the Wikionary home page" classname="Looking up the definition of &apos;apple&apos;" time="11.918"/>
  <testcase name="the user looks up the definition of the word &apos;apple&apos;" classname="Looking up the definition of &apos;apple&apos;" time="5.141"/>
  <testcase name="they should see the definition &apos;A common, round fruit produced by the tree Malus domestica, cultivated in temperate climates.&apos;" classname="Looking up the definition of &apos;apple&apos;" time="2.509"/>
  <testcase name="Looking up the definition of &apos;apple&apos;" classname="Looking up the definition of &apos;apple&apos;" time="3.307"/>
  <testcase name="[x-cart] prepare delete pending cart request with properties data" classname="Order using api until FP" time="0.105"/>
  <testcase name="[x-cart] send delete pending cart request" classname="Order using api until FP" time="21.057">
    <error message="Some exception during recording fields" type="java.lang.RuntimeException">java.lang.RuntimeException: Some exception during recording fields
Caused by: java.net.ConnectException: Connection timed out: connect
</error>
    <system-out><![CDATA[Request method:	DELETE
Request URI:	http://xcartapp-01.uata.lokal:8080/x-cart/pendingcart/deletePendingCart?clientId=web&requestId=1&storeId=10001&channelId=web&cartId=testsatu%40mailinator.com&requestParams=%7B%7D
Proxy:			<none>
Request params:	<none>
Query params:	clientId=web
				requestId=1
				storeId=10001
				channelId=web
				cartId=testsatu@mailinator.com
				requestParams={}
Form params:	<none>
Path params:	<none>
Headers:		accept=application/json
				Content-Type=application/json; charset=UTF-8
Cookies:		<none>
Multiparts:		<none>
Body:			<none>
]]></system-out>
  </testcase>
  <testcase name="[x-cart] delete pending cart response should be true" classname="Order using api until FP" time="0">
    <skipped message="This step is skipped"/>
  </testcase>
  <testcase name="[x-cart] prepare add to cart request with properties data" classname="Order using api until FP" time="0">
    <skipped message="This step is skipped"/>
  </testcase>
  <testcase name="[x-cart] send add to cart request" classname="Order using api until FP" time="0">
    <skipped message="This step is skipped"/>
  </testcase>
  <testcase name="[x-cart] add to cart response should be true" classname="Order using api until FP" time="0">
    <skipped message="This step is skipped"/>
  </testcase>
  <testcase name="[x-cart] add to cart response has more or equal than 1 sku in cartItems" classname="Order using api until FP" time="0">
    <skipped message="This step is skipped"/>
  </testcase>
  <testcase name="[x-cart] add to cart response should have same item sku in cartItems" classname="Order using api until FP" time="0">
    <skipped message="This step is skipped"/>
  </testcase>
  <testcase name="Order using api until FP" classname="Order using api until FP" time="0.042">
    <error message="Some exception during recording fields" type="java.lang.RuntimeException">java.lang.RuntimeException: Some exception during recording fields
Caused by: java.net.ConnectException: Connection timed out: connect
</error>
    <system-out><![CDATA[2021-09-30 20:01:24.522 ERROR 6788 --- [           main] n.t.core.steps.ConsoleLoggingListener    : 
           __  _____ _____ ____ _____   _____ _    ___ _     _____ ____  
  _       / / |_   _| ____/ ___|_   _| |  ___/ \  |_ _| |   | ____|  _ \ 
 (_)_____| |    | | |  _| \___ \ | |   | |_ / _ \  | || |   |  _| | | | |
  _|_____| |    | | | |___ ___) || |   |  _/ ___ \ | || |___| |___| |_| |
 (_)     | |    |_| |_____|____/ |_|   |_|/_/   \_\___|_____|_____|____/ 
          \_\                                                            

TEST FAILED WITH ERROR: Order using api until FP
---------------------------------------------------------------------
2021-09-30 20:01:24.524 ERROR 6788 --- [           main] n.t.core.steps.ConsoleLoggingListener    : TEST FAILED AT STEP DELETE
2021-09-30 20:01:24.525 ERROR 6788 --- [           main] n.t.core.steps.ConsoleLoggingListener    : Connection timed out: connect
]]></system-out>
  </testcase>
</testsuite>